<?xml version="1.0" encoding="UTF-8"?>
<testsuite xmlns:xsi="http://www.w3.org/2001/XMLSchema-instance" xsi:noNamespaceSchemaLocation="https://maven.apache.org/surefire/maven-surefire-plugin/xsd/surefire-test-report-3.0.xsd" version="3.0" name="com.example.controller.MedicalRecordControllerIntegrationTest" time="11.15" tests="5" errors="0" skipped="0" failures="0">
  <properties>
[...]
</properties>
  <testcase name="testGetRecordById" classname="com.example.controller.MedicalRecordControllerIntegrationTest" time="1.442">
    <system-out><![CDATA[2025-05-02 12:14:51 [main] INFO  o.s.t.c.s.AnnotationConfigContextLoaderUtils - Could not detect default configuration classes for test class [com.example.controller.MedicalRecordControllerIntegrationTest]: MedicalRecordControllerIntegrationTest does not declare any static, non-private, non-final, nested classes annotated with @Configuration.
2025-05-02 12:14:51 [main] INFO  o.s.b.t.c.SpringBootTestContextBootstrapper - Found @SpringBootConfiguration com.example.MedicalRegisterApplication for test class com.example.controller.MedicalRecordControllerIntegrationTest

  .   ____          _            __ _ _
 /\\ / ___'_ __ _ _(_)_ __  __ _ \ \ \ \
( ( )\___ | '_ | '_| | '_ \/ _` | \ \ \ \
 \\/  ___)| |_)| | | | | || (_| |  ) ) ) )
  '  |____| .__|_| |_|_| |_\__, | / / / /
 =========|_|==============|___/=/_/_/_/
 :: Spring Boot ::                (v3.2.5)

2025-05-02 12:14:52 [background-preinit] DEBUG org.jboss.logging - Logging Provider: org.jboss.logging.Slf4jLoggerProvider found via system property
2025-05-02 12:14:52 [background-preinit] INFO  o.h.validator.internal.util.Version - HV000001: Hibernate Validator 8.0.0.Final
2025-05-02 12:14:52 [background-preinit] DEBUG o.h.v.i.x.config.ValidationXmlParser - Trying to load META-INF/validation.xml for XML based Validator configuration.
2025-05-02 12:14:52 [background-preinit] DEBUG o.h.v.i.x.c.ResourceLoaderHelper - Trying to load META-INF/validation.xml via TCCL
2025-05-02 12:14:52 [background-preinit] DEBUG o.h.v.i.x.c.ResourceLoaderHelper - Trying to load META-INF/validation.xml via Hibernate Validator's class loader
2025-05-02 12:14:52 [background-preinit] DEBUG o.h.v.i.x.config.ValidationXmlParser - No META-INF/validation.xml found. Using annotation based configuration only.
2025-05-02 12:14:52 [background-preinit] DEBUG o.h.v.i.e.r.TraversableResolvers - Found jakarta.persistence.Persistence on classpath containing 'getPersistenceUtil'. Assuming JPA 2 environment. Trying to instantiate JPA aware TraversableResolver
2025-05-02 12:14:52 [background-preinit] DEBUG o.h.v.i.e.r.TraversableResolvers - Instantiated JPA aware TraversableResolver of type org.hibernate.validator.internal.engine.resolver.JPATraversableResolver.
2025-05-02 12:14:52 [main] INFO  c.e.c.MedicalRecordControllerIntegrationTest - Starting MedicalRecordControllerIntegrationTest using Java 21.0.4 with PID 15108 (started by user in C:\Naga\HCL\HCL-FullStack-Gov_Task\medical-register-app-2)
2025-05-02 12:14:52 [main] DEBUG c.e.c.MedicalRecordControllerIntegrationTest - Running with Spring Boot v3.2.5, Spring v6.1.6
2025-05-02 12:14:52 [main] INFO  c.e.c.MedicalRecordControllerIntegrationTest - No active profile set, falling back to 1 default profile: "default"
2025-05-02 12:14:52 [background-preinit] DEBUG o.h.v.m.ResourceBundleMessageInterpolator - Loaded expression factory via original TCCL
2025-05-02 12:14:52 [main] DEBUG o.s.w.c.s.GenericWebApplicationContext - Refreshing org.springframework.web.context.support.GenericWebApplicationContext@6a933be2
2025-05-02 12:14:52 [background-preinit] DEBUG o.h.v.i.e.ValidatorFactoryConfigurationHelper - HV000252: Using org.hibernate.validator.internal.engine.DefaultPropertyNodeNameProvider as property node name provider.
2025-05-02 12:14:52 [background-preinit] DEBUG o.h.v.i.e.ValidatorFactoryConfigurationHelper - HV000234: Using org.hibernate.validator.messageinterpolation.ResourceBundleMessageInterpolator as ValidatorFactory-scoped message interpolator.
2025-05-02 12:14:52 [background-preinit] DEBUG o.h.v.i.e.ValidatorFactoryConfigurationHelper - HV000234: Using org.hibernate.validator.internal.engine.resolver.JPATraversableResolver as ValidatorFactory-scoped traversable resolver.
2025-05-02 12:14:52 [background-preinit] DEBUG o.h.v.i.e.ValidatorFactoryConfigurationHelper - HV000234: Using org.hibernate.validator.internal.util.ExecutableParameterNameProvider as ValidatorFactory-scoped parameter name provider.
2025-05-02 12:14:52 [background-preinit] DEBUG o.h.v.i.e.ValidatorFactoryConfigurationHelper - HV000234: Using org.hibernate.validator.internal.engine.DefaultClockProvider as ValidatorFactory-scoped clock provider.
2025-05-02 12:14:52 [background-preinit] DEBUG o.h.v.i.e.ValidatorFactoryConfigurationHelper - HV000234: Using org.hibernate.validator.internal.engine.scripting.DefaultScriptEvaluatorFactory as ValidatorFactory-scoped script evaluator factory.
2025-05-02 12:14:54 [main] INFO  o.s.d.r.c.RepositoryConfigurationDelegate - Bootstrapping Spring Data JPA repositories in DEFAULT mode.
2025-05-02 12:14:54 [main] INFO  o.s.d.r.c.RepositoryConfigurationDelegate - Finished Spring Data repository scanning in 97 ms. Found 2 JPA repository interfaces.
2025-05-02 12:14:54 [main] DEBUG com.zaxxer.hikari.HikariConfig - Driver class org.h2.Driver found in Thread context class loader jdk.internal.loader.ClassLoaders$AppClassLoader@70dea4e
2025-05-02 12:14:55 [main] DEBUG o.h.jpa.internal.util.LogHelper - PersistenceUnitInfo [
	name: default
	persistence provider classname: null
	classloader: jdk.internal.loader.ClassLoaders$AppClassLoader@70dea4e
	excludeUnlistedClasses: true
	JTA datasource: null
	Non JTA datasource: HikariDataSource (null)
	Transaction type: RESOURCE_LOCAL
	PU root URL: file:/C:/Naga/HCL/HCL-FullStack-Gov_Task/medical-register-app-2/target/test-classes/
	Shared Cache Mode: UNSPECIFIED
	Validation Mode: AUTO
	Jar files URLs []
	Managed classes names [
		com.example.model.AuditLog
		com.example.model.MedicalRecord]
	Mapping files names []
	Properties []
2025-05-02 12:14:55 [main] DEBUG o.h.i.internal.IntegratorServiceImpl - Adding Integrator [org.hibernate.boot.beanvalidation.BeanValidationIntegrator].
2025-05-02 12:14:55 [main] DEBUG o.h.i.internal.IntegratorServiceImpl - Adding Integrator [org.hibernate.cache.internal.CollectionCacheInvalidator].
2025-05-02 12:14:55 [main] INFO  org.hibernate.Version - HHH000412: Hibernate ORM core version 6.4.4.Final
2025-05-02 12:14:55 [main] DEBUG org.hibernate.cfg.Environment - HHH000206: 'hibernate.properties' not found
2025-05-02 12:14:55 [main] DEBUG org.hibernate.orm.idgen.factory - Registering IdentifierGenerator strategy [uuid2] -> [org.hibernate.id.UUIDGenerator]
2025-05-02 12:14:55 [main] DEBUG org.hibernate.orm.idgen.factory - Registering IdentifierGenerator strategy [guid] -> [org.hibernate.id.GUIDGenerator]
2025-05-02 12:14:55 [main] DEBUG org.hibernate.orm.idgen.factory - Registering IdentifierGenerator strategy [uuid] -> [org.hibernate.id.UUIDHexGenerator]
2025-05-02 12:14:55 [main] DEBUG org.hibernate.orm.idgen.factory - Registering IdentifierGenerator strategy [uuid.hex] -> [org.hibernate.id.UUIDHexGenerator]
2025-05-02 12:14:55 [main] DEBUG org.hibernate.orm.idgen.factory - Registering IdentifierGenerator strategy [assigned] -> [org.hibernate.id.Assigned]
2025-05-02 12:14:55 [main] DEBUG org.hibernate.orm.idgen.factory - Registering IdentifierGenerator strategy [identity] -> [org.hibernate.id.IdentityGenerator]
2025-05-02 12:14:55 [main] DEBUG org.hibernate.orm.idgen.factory - Registering IdentifierGenerator strategy [select] -> [org.hibernate.id.SelectGenerator]
2025-05-02 12:14:55 [main] DEBUG org.hibernate.orm.idgen.factory - Registering IdentifierGenerator strategy [sequence] -> [org.hibernate.id.enhanced.SequenceStyleGenerator]
2025-05-02 12:14:55 [main] DEBUG org.hibernate.orm.idgen.factory - Registering IdentifierGenerator strategy [increment] -> [org.hibernate.id.IncrementGenerator]
2025-05-02 12:14:55 [main] DEBUG org.hibernate.orm.idgen.factory - Registering IdentifierGenerator strategy [foreign] -> [org.hibernate.id.ForeignGenerator]
2025-05-02 12:14:55 [main] DEBUG org.hibernate.orm.idgen.factory - Registering IdentifierGenerator strategy [enhanced-sequence] -> [org.hibernate.id.enhanced.SequenceStyleGenerator]
2025-05-02 12:14:55 [main] DEBUG org.hibernate.orm.idgen.factory - Registering IdentifierGenerator strategy [enhanced-table] -> [org.hibernate.id.enhanced.TableGenerator]
2025-05-02 12:14:55 [main] DEBUG o.h.c.i.RegionFactoryInitiator - Cannot default RegionFactory based on registered strategies as `[]` RegionFactory strategies were registered
2025-05-02 12:14:55 [main] INFO  o.h.c.i.RegionFactoryInitiator - HHH000026: Second-level cache disabled
2025-05-02 12:14:55 [main] DEBUG o.hibernate.type.BasicTypeRegistry - Adding type registration boolean -> org.hibernate.type.BasicTypeReference@aa1bb14
2025-05-02 12:14:55 [main] DEBUG o.hibernate.type.BasicTypeRegistry - Adding type registration boolean -> org.hibernate.type.BasicTypeReference@aa1bb14
2025-05-02 12:14:55 [main] DEBUG o.hibernate.type.BasicTypeRegistry - Adding type registration java.lang.Boolean -> org.hibernate.type.BasicTypeReference@aa1bb14
2025-05-02 12:14:55 [main] DEBUG o.hibernate.type.BasicTypeRegistry - Adding type registration numeric_boolean -> org.hibernate.type.BasicTypeReference@7faa0680
2025-05-02 12:14:55 [main] DEBUG o.hibernate.type.BasicTypeRegistry - Adding type registration org.hibernate.type.NumericBooleanConverter -> org.hibernate.type.BasicTypeReference@7faa0680
2025-05-02 12:14:55 [main] DEBUG o.hibernate.type.BasicTypeRegistry - Adding type registration true_false -> org.hibernate.type.BasicTypeReference@4c635edc
2025-05-02 12:14:55 [main] DEBUG o.hibernate.type.BasicTypeRegistry - Adding type registration org.hibernate.type.TrueFalseConverter -> org.hibernate.type.BasicTypeReference@4c635edc
2025-05-02 12:14:55 [main] DEBUG o.hibernate.type.BasicTypeRegistry - Adding type registration yes_no -> org.hibernate.type.BasicTypeReference@4245bf68
2025-05-02 12:14:55 [main] DEBUG o.hibernate.type.BasicTypeRegistry - Adding type registration org.hibernate.type.YesNoConverter -> org.hibernate.type.BasicTypeReference@4245bf68
2025-05-02 12:14:55 [main] DEBUG o.hibernate.type.BasicTypeRegistry - Adding type registration byte -> org.hibernate.type.BasicTypeReference@45bbc52f
2025-05-02 12:14:55 [main] DEBUG o.hibernate.type.BasicTypeRegistry - Adding type registration byte -> org.hibernate.type.BasicTypeReference@45bbc52f
2025-05-02 12:14:55 [main] DEBUG o.hibernate.type.BasicTypeRegistry - Adding type registration java.lang.Byte -> org.hibernate.type.BasicTypeReference@45bbc52f
2025-05-02 12:14:55 [main] DEBUG o.hibernate.type.BasicTypeRegistry - Adding type registration binary -> org.hibernate.type.BasicTypeReference@6a8a551e
2025-05-02 12:14:55 [main] DEBUG o.hibernate.type.BasicTypeRegistry - Adding type registration byte[] -> org.hibernate.type.BasicTypeReference@6a8a551e
2025-05-02 12:14:55 [main] DEBUG o.hibernate.type.BasicTypeRegistry - Adding type registration [B -> org.hibernate.type.BasicTypeReference@6a8a551e
2025-05-02 12:14:55 [main] DEBUG o.hibernate.type.BasicTypeRegistry - Adding type registration binary_wrapper -> org.hibernate.type.BasicTypeReference@3cc9632d
2025-05-02 12:14:55 [main] DEBUG o.hibernate.type.BasicTypeRegistry - Adding type registration wrapper-binary -> org.hibernate.type.BasicTypeReference@3cc9632d
2025-05-02 12:14:55 [main] DEBUG o.hibernate.type.BasicTypeRegistry - Adding type registration image -> org.hibernate.type.BasicTypeReference@53982523
2025-05-02 12:14:55 [main] DEBUG o.hibernate.type.BasicTypeRegistry - Adding type registration blob -> org.hibernate.type.BasicTypeReference@489110c2
2025-05-02 12:14:55 [main] DEBUG o.hibernate.type.BasicTypeRegistry - Adding type registration java.sql.Blob -> org.hibernate.type.BasicTypeReference@489110c2
2025-05-02 12:14:55 [main] DEBUG o.hibernate.type.BasicTypeRegistry - Adding type registration materialized_blob -> org.hibernate.type.BasicTypeReference@700b9e6b
2025-05-02 12:14:55 [main] DEBUG o.hibernate.type.BasicTypeRegistry - Adding type registration materialized_blob_wrapper -> org.hibernate.type.BasicTypeReference@7ac5b4c
2025-05-02 12:14:55 [main] DEBUG o.hibernate.type.BasicTypeRegistry - Adding type registration short -> org.hibernate.type.BasicTypeReference@150fc7a7
2025-05-02 12:14:55 [main] DEBUG o.hibernate.type.BasicTypeRegistry - Adding type registration short -> org.hibernate.type.BasicTypeReference@150fc7a7
2025-05-02 12:14:55 [main] DEBUG o.hibernate.type.BasicTypeRegistry - Adding type registration java.lang.Short -> org.hibernate.type.BasicTypeReference@150fc7a7
2025-05-02 12:14:55 [main] DEBUG o.hibernate.type.BasicTypeRegistry - Adding type registration integer -> org.hibernate.type.BasicTypeReference@55d8c2c4
2025-05-02 12:14:55 [main] DEBUG o.hibernate.type.BasicTypeRegistry - Adding type registration int -> org.hibernate.type.BasicTypeReference@55d8c2c4
2025-05-02 12:14:55 [main] DEBUG o.hibernate.type.BasicTypeRegistry - Adding type registration java.lang.Integer -> org.hibernate.type.BasicTypeReference@55d8c2c4
2025-05-02 12:14:55 [main] DEBUG o.hibernate.type.BasicTypeRegistry - Adding type registration long -> org.hibernate.type.BasicTypeReference@798cf6d2
2025-05-02 12:14:55 [main] DEBUG o.hibernate.type.BasicTypeRegistry - Adding type registration long -> org.hibernate.type.BasicTypeReference@798cf6d2
2025-05-02 12:14:55 [main] DEBUG o.hibernate.type.BasicTypeRegistry - Adding type registration java.lang.Long -> org.hibernate.type.BasicTypeReference@798cf6d2
2025-05-02 12:14:55 [main] DEBUG o.hibernate.type.BasicTypeRegistry - Adding type registration float -> org.hibernate.type.BasicTypeReference@1c1fa494
2025-05-02 12:14:55 [main] DEBUG o.hibernate.type.BasicTypeRegistry - Adding type registration float -> org.hibernate.type.BasicTypeReference@1c1fa494
2025-05-02 12:14:55 [main] DEBUG o.hibernate.type.BasicTypeRegistry - Adding type registration java.lang.Float -> org.hibernate.type.BasicTypeReference@1c1fa494
2025-05-02 12:14:55 [main] DEBUG o.hibernate.type.BasicTypeRegistry - Adding type registration double -> org.hibernate.type.BasicTypeReference@77c66a4f
2025-05-02 12:14:55 [main] DEBUG o.hibernate.type.BasicTypeRegistry - Adding type registration double -> org.hibernate.type.BasicTypeReference@77c66a4f
2025-05-02 12:14:55 [main] DEBUG o.hibernate.type.BasicTypeRegistry - Adding type registration java.lang.Double -> org.hibernate.type.BasicTypeReference@77c66a4f
2025-05-02 12:14:55 [main] DEBUG o.hibernate.type.BasicTypeRegistry - Adding type registration big_integer -> org.hibernate.type.BasicTypeReference@649b5891
2025-05-02 12:14:55 [main] DEBUG o.hibernate.type.BasicTypeRegistry - Adding type registration java.math.BigInteger -> org.hibernate.type.BasicTypeReference@649b5891
2025-05-02 12:14:55 [main] DEBUG o.hibernate.type.BasicTypeRegistry - Adding type registration big_decimal -> org.hibernate.type.BasicTypeReference@7a3f08b6
2025-05-02 12:14:55 [main] DEBUG o.hibernate.type.BasicTypeRegistry - Adding type registration java.math.BigDecimal -> org.hibernate.type.BasicTypeReference@7a3f08b6
2025-05-02 12:14:55 [main] DEBUG o.hibernate.type.BasicTypeRegistry - Adding type registration character -> org.hibernate.type.BasicTypeReference@1be52861
2025-05-02 12:14:55 [main] DEBUG o.hibernate.type.BasicTypeRegistry - Adding type registration char -> org.hibernate.type.BasicTypeReference@1be52861
2025-05-02 12:14:55 [main] DEBUG o.hibernate.type.BasicTypeRegistry - Adding type registration java.lang.Character -> org.hibernate.type.BasicTypeReference@1be52861
2025-05-02 12:14:55 [main] DEBUG o.hibernate.type.BasicTypeRegistry - Adding type registration character_nchar -> org.hibernate.type.BasicTypeReference@5fb5ad40
2025-05-02 12:14:55 [main] DEBUG o.hibernate.type.BasicTypeRegistry - Adding type registration string -> org.hibernate.type.BasicTypeReference@615439f7
2025-05-02 12:14:55 [main] DEBUG o.hibernate.type.BasicTypeRegistry - Adding type registration java.lang.String -> org.hibernate.type.BasicTypeReference@615439f7
2025-05-02 12:14:55 [main] DEBUG o.hibernate.type.BasicTypeRegistry - Adding type registration nstring -> org.hibernate.type.BasicTypeReference@632cf7d3
2025-05-02 12:14:55 [main] DEBUG o.hibernate.type.BasicTypeRegistry - Adding type registration characters -> org.hibernate.type.BasicTypeReference@51b87df7
2025-05-02 12:14:55 [main] DEBUG o.hibernate.type.BasicTypeRegistry - Adding type registration char[] -> org.hibernate.type.BasicTypeReference@51b87df7
2025-05-02 12:14:55 [main] DEBUG o.hibernate.type.BasicTypeRegistry - Adding type registration [C -> org.hibernate.type.BasicTypeReference@51b87df7
2025-05-02 12:14:55 [main] DEBUG o.hibernate.type.BasicTypeRegistry - Adding type registration wrapper-characters -> org.hibernate.type.BasicTypeReference@2315052d
2025-05-02 12:14:55 [main] DEBUG o.hibernate.type.BasicTypeRegistry - Adding type registration text -> org.hibernate.type.BasicTypeReference@634e1b39
2025-05-02 12:14:55 [main] DEBUG o.hibernate.type.BasicTypeRegistry - Adding type registration ntext -> org.hibernate.type.BasicTypeReference@67d8faec
2025-05-02 12:14:55 [main] DEBUG o.hibernate.type.BasicTypeRegistry - Adding type registration clob -> org.hibernate.type.BasicTypeReference@751d7425
2025-05-02 12:14:55 [main] DEBUG o.hibernate.type.BasicTypeRegistry - Adding type registration java.sql.Clob -> org.hibernate.type.BasicTypeReference@751d7425
2025-05-02 12:14:55 [main] DEBUG o.hibernate.type.BasicTypeRegistry - Adding type registration nclob -> org.hibernate.type.BasicTypeReference@7eaa2bc6
2025-05-02 12:14:55 [main] DEBUG o.hibernate.type.BasicTypeRegistry - Adding type registration java.sql.NClob -> org.hibernate.type.BasicTypeReference@7eaa2bc6
2025-05-02 12:14:55 [main] DEBUG o.hibernate.type.BasicTypeRegistry - Adding type registration materialized_clob -> org.hibernate.type.BasicTypeReference@6dae70f9
2025-05-02 12:14:55 [main] DEBUG o.hibernate.type.BasicTypeRegistry - Adding type registration materialized_clob_char_array -> org.hibernate.type.BasicTypeReference@4d81e83a
2025-05-02 12:14:55 [main] DEBUG o.hibernate.type.BasicTypeRegistry - Adding type registration materialized_clob_character_array -> org.hibernate.type.BasicTypeReference@53a301f3
2025-05-02 12:14:55 [main] DEBUG o.hibernate.type.BasicTypeRegistry - Adding type registration materialized_nclob -> org.hibernate.type.BasicTypeReference@7cf8f45a
2025-05-02 12:14:55 [main] DEBUG o.hibernate.type.BasicTypeRegistry - Adding type registration materialized_nclob_character_array -> org.hibernate.type.BasicTypeReference@62cf6a84
2025-05-02 12:14:55 [main] DEBUG o.hibernate.type.BasicTypeRegistry - Adding type registration materialized_nclob_char_array -> org.hibernate.type.BasicTypeReference@204d9edf
2025-05-02 12:14:55 [main] DEBUG o.hibernate.type.BasicTypeRegistry - Adding type registration Duration -> org.hibernate.type.BasicTypeReference@6b2aafbc
2025-05-02 12:14:55 [main] DEBUG o.hibernate.type.BasicTypeRegistry - Adding type registration java.time.Duration -> org.hibernate.type.BasicTypeReference@6b2aafbc
2025-05-02 12:14:55 [main] DEBUG o.hibernate.type.BasicTypeRegistry - Adding type registration LocalDateTime -> org.hibernate.type.BasicTypeReference@50cbcca7
2025-05-02 12:14:55 [main] DEBUG o.hibernate.type.BasicTypeRegistry - Adding type registration java.time.LocalDateTime -> org.hibernate.type.BasicTypeReference@50cbcca7
2025-05-02 12:14:55 [main] DEBUG o.hibernate.type.BasicTypeRegistry - Adding type registration LocalDate -> org.hibernate.type.BasicTypeReference@49491770
2025-05-02 12:14:55 [main] DEBUG o.hibernate.type.BasicTypeRegistry - Adding type registration java.time.LocalDate -> org.hibernate.type.BasicTypeReference@49491770
2025-05-02 12:14:55 [main] DEBUG o.hibernate.type.BasicTypeRegistry - Adding type registration LocalTime -> org.hibernate.type.BasicTypeReference@5bec3e0
2025-05-02 12:14:55 [main] DEBUG o.hibernate.type.BasicTypeRegistry - Adding type registration java.time.LocalTime -> org.hibernate.type.BasicTypeReference@5bec3e0
2025-05-02 12:14:55 [main] DEBUG o.hibernate.type.BasicTypeRegistry - Adding type registration OffsetDateTime -> org.hibernate.type.BasicTypeReference@3b57dba4
2025-05-02 12:14:55 [main] DEBUG o.hibernate.type.BasicTypeRegistry - Adding type registration java.time.OffsetDateTime -> org.hibernate.type.BasicTypeReference@3b57dba4
2025-05-02 12:14:55 [main] DEBUG o.hibernate.type.BasicTypeRegistry - Adding type registration OffsetDateTimeWithTimezone -> org.hibernate.type.BasicTypeReference@35f7969d
2025-05-02 12:14:55 [main] DEBUG o.hibernate.type.BasicTypeRegistry - Adding type registration OffsetDateTimeWithoutTimezone -> org.hibernate.type.BasicTypeReference@3404e5c4
2025-05-02 12:14:55 [main] DEBUG o.hibernate.type.BasicTypeRegistry - Adding type registration OffsetTime -> org.hibernate.type.BasicTypeReference@47569167
2025-05-02 12:14:55 [main] DEBUG o.hibernate.type.BasicTypeRegistry - Adding type registration java.time.OffsetTime -> org.hibernate.type.BasicTypeReference@47569167
2025-05-02 12:14:55 [main] DEBUG o.hibernate.type.BasicTypeRegistry - Adding type registration OffsetTimeUtc -> org.hibernate.type.BasicTypeReference@42d9e8d2
2025-05-02 12:14:55 [main] DEBUG o.hibernate.type.BasicTypeRegistry - Adding type registration OffsetTimeWithTimezone -> org.hibernate.type.BasicTypeReference@4b93dd6a
2025-05-02 12:14:55 [main] DEBUG o.hibernate.type.BasicTypeRegistry - Adding type registration OffsetTimeWithoutTimezone -> org.hibernate.type.BasicTypeReference@582a3b19
2025-05-02 12:14:55 [main] DEBUG o.hibernate.type.BasicTypeRegistry - Adding type registration ZonedDateTime -> org.hibernate.type.BasicTypeReference@2b0454d2
2025-05-02 12:14:55 [main] DEBUG o.hibernate.type.BasicTypeRegistry - Adding type registration java.time.ZonedDateTime -> org.hibernate.type.BasicTypeReference@2b0454d2
2025-05-02 12:14:55 [main] DEBUG o.hibernate.type.BasicTypeRegistry - Adding type registration ZonedDateTimeWithTimezone -> org.hibernate.type.BasicTypeReference@2616b618
2025-05-02 12:14:55 [main] DEBUG o.hibernate.type.BasicTypeRegistry - Adding type registration ZonedDateTimeWithoutTimezone -> org.hibernate.type.BasicTypeReference@73bb573d
2025-05-02 12:14:55 [main] DEBUG o.hibernate.type.BasicTypeRegistry - Adding type registration date -> org.hibernate.type.BasicTypeReference@7ac058a0
2025-05-02 12:14:55 [main] DEBUG o.hibernate.type.BasicTypeRegistry - Adding type registration java.sql.Date -> org.hibernate.type.BasicTypeReference@7ac058a0
2025-05-02 12:14:55 [main] DEBUG o.hibernate.type.BasicTypeRegistry - Adding type registration time -> org.hibernate.type.BasicTypeReference@736b21ee
2025-05-02 12:14:55 [main] DEBUG o.hibernate.type.BasicTypeRegistry - Adding type registration java.sql.Time -> org.hibernate.type.BasicTypeReference@736b21ee
2025-05-02 12:14:55 [main] DEBUG o.hibernate.type.BasicTypeRegistry - Adding type registration timestamp -> org.hibernate.type.BasicTypeReference@60deefed
2025-05-02 12:14:55 [main] DEBUG o.hibernate.type.BasicTypeRegistry - Adding type registration java.sql.Timestamp -> org.hibernate.type.BasicTypeReference@60deefed
2025-05-02 12:14:55 [main] DEBUG o.hibernate.type.BasicTypeRegistry - Adding type registration java.util.Date -> org.hibernate.type.BasicTypeReference@60deefed
2025-05-02 12:14:55 [main] DEBUG o.hibernate.type.BasicTypeRegistry - Adding type registration calendar -> org.hibernate.type.BasicTypeReference@49754e74
2025-05-02 12:14:55 [main] DEBUG o.hibernate.type.BasicTypeRegistry - Adding type registration java.util.Calendar -> org.hibernate.type.BasicTypeReference@49754e74
2025-05-02 12:14:55 [main] DEBUG o.hibernate.type.BasicTypeRegistry - Adding type registration java.util.GregorianCalendar -> org.hibernate.type.BasicTypeReference@49754e74
2025-05-02 12:14:55 [main] DEBUG o.hibernate.type.BasicTypeRegistry - Adding type registration calendar_date -> org.hibernate.type.BasicTypeReference@1b46392c
2025-05-02 12:14:55 [main] DEBUG o.hibernate.type.BasicTypeRegistry - Adding type registration calendar_time -> org.hibernate.type.BasicTypeReference@cf01c2e
2025-05-02 12:14:55 [main] DEBUG o.hibernate.type.BasicTypeRegistry - Adding type registration instant -> org.hibernate.type.BasicTypeReference@6f15f52a
2025-05-02 12:14:55 [main] DEBUG o.hibernate.type.BasicTypeRegistry - Adding type registration java.time.Instant -> org.hibernate.type.BasicTypeReference@6f15f52a
2025-05-02 12:14:55 [main] DEBUG o.hibernate.type.BasicTypeRegistry - Adding type registration uuid -> org.hibernate.type.BasicTypeReference@1eb9bf60
2025-05-02 12:14:55 [main] DEBUG o.hibernate.type.BasicTypeRegistry - Adding type registration java.util.UUID -> org.hibernate.type.BasicTypeReference@1eb9bf60
2025-05-02 12:14:55 [main] DEBUG o.hibernate.type.BasicTypeRegistry - Adding type registration pg-uuid -> org.hibernate.type.BasicTypeReference@1eb9bf60
2025-05-02 12:14:55 [main] DEBUG o.hibernate.type.BasicTypeRegistry - Adding type registration uuid-binary -> org.hibernate.type.BasicTypeReference@341c6ac2
2025-05-02 12:14:55 [main] DEBUG o.hibernate.type.BasicTypeRegistry - Adding type registration uuid-char -> org.hibernate.type.BasicTypeReference@38811103
2025-05-02 12:14:55 [main] DEBUG o.hibernate.type.BasicTypeRegistry - Adding type registration class -> org.hibernate.type.BasicTypeReference@787d1f9c
2025-05-02 12:14:55 [main] DEBUG o.hibernate.type.BasicTypeRegistry - Adding type registration java.lang.Class -> org.hibernate.type.BasicTypeReference@787d1f9c
2025-05-02 12:14:55 [main] DEBUG o.hibernate.type.BasicTypeRegistry - Adding type registration currency -> org.hibernate.type.BasicTypeReference@2becfd4c
2025-05-02 12:14:55 [main] DEBUG o.hibernate.type.BasicTypeRegistry - Adding type registration Currency -> org.hibernate.type.BasicTypeReference@2becfd4c
2025-05-02 12:14:55 [main] DEBUG o.hibernate.type.BasicTypeRegistry - Adding type registration java.util.Currency -> org.hibernate.type.BasicTypeReference@2becfd4c
2025-05-02 12:14:55 [main] DEBUG o.hibernate.type.BasicTypeRegistry - Adding type registration locale -> org.hibernate.type.BasicTypeReference@7c71c889
2025-05-02 12:14:55 [main] DEBUG o.hibernate.type.BasicTypeRegistry - Adding type registration java.util.Locale -> org.hibernate.type.BasicTypeReference@7c71c889
2025-05-02 12:14:55 [main] DEBUG o.hibernate.type.BasicTypeRegistry - Adding type registration serializable -> org.hibernate.type.BasicTypeReference@4cc8d70d
2025-05-02 12:14:55 [main] DEBUG o.hibernate.type.BasicTypeRegistry - Adding type registration java.io.Serializable -> org.hibernate.type.BasicTypeReference@4cc8d70d
2025-05-02 12:14:55 [main] DEBUG o.hibernate.type.BasicTypeRegistry - Adding type registration timezone -> org.hibernate.type.BasicTypeReference@5c59a0f7
2025-05-02 12:14:55 [main] DEBUG o.hibernate.type.BasicTypeRegistry - Adding type registration java.util.TimeZone -> org.hibernate.type.BasicTypeReference@5c59a0f7
2025-05-02 12:14:55 [main] DEBUG o.hibernate.type.BasicTypeRegistry - Adding type registration ZoneOffset -> org.hibernate.type.BasicTypeReference@101330ad
2025-05-02 12:14:55 [main] DEBUG o.hibernate.type.BasicTypeRegistry - Adding type registration java.time.ZoneOffset -> org.hibernate.type.BasicTypeReference@101330ad
2025-05-02 12:14:55 [main] DEBUG o.hibernate.type.BasicTypeRegistry - Adding type registration url -> org.hibernate.type.BasicTypeReference@625487a6
2025-05-02 12:14:55 [main] DEBUG o.hibernate.type.BasicTypeRegistry - Adding type registration java.net.URL -> org.hibernate.type.BasicTypeReference@625487a6
2025-05-02 12:14:55 [main] DEBUG o.hibernate.type.BasicTypeRegistry - Adding type registration vector -> org.hibernate.type.BasicTypeReference@682e445e
2025-05-02 12:14:55 [main] DEBUG o.hibernate.type.BasicTypeRegistry - Adding type registration row_version -> org.hibernate.type.BasicTypeReference@79e10fb4
2025-05-02 12:14:55 [main] DEBUG o.hibernate.type.BasicTypeRegistry - Adding type registration object -> org.hibernate.type.JavaObjectType@2baf72d5
2025-05-02 12:14:55 [main] DEBUG o.hibernate.type.BasicTypeRegistry - Adding type registration java.lang.Object -> org.hibernate.type.JavaObjectType@2baf72d5
2025-05-02 12:14:55 [main] DEBUG o.hibernate.type.BasicTypeRegistry - Adding type registration null -> org.hibernate.type.NullType@35fa450f
2025-05-02 12:14:55 [main] DEBUG o.hibernate.type.BasicTypeRegistry - Adding type registration imm_date -> org.hibernate.type.BasicTypeReference@3e03046d
2025-05-02 12:14:55 [main] DEBUG o.hibernate.type.BasicTypeRegistry - Adding type registration imm_time -> org.hibernate.type.BasicTypeReference@9b3be1c
2025-05-02 12:14:55 [main] DEBUG o.hibernate.type.BasicTypeRegistry - Adding type registration imm_timestamp -> org.hibernate.type.BasicTypeReference@74e497ae
2025-05-02 12:14:55 [main] DEBUG o.hibernate.type.BasicTypeRegistry - Adding type registration imm_calendar -> org.hibernate.type.BasicTypeReference@13516600
2025-05-02 12:14:55 [main] DEBUG o.hibernate.type.BasicTypeRegistry - Adding type registration imm_calendar_date -> org.hibernate.type.BasicTypeReference@35d7386b
2025-05-02 12:14:55 [main] DEBUG o.hibernate.type.BasicTypeRegistry - Adding type registration imm_calendar_time -> org.hibernate.type.BasicTypeReference@21002393
2025-05-02 12:14:55 [main] DEBUG o.hibernate.type.BasicTypeRegistry - Adding type registration imm_binary -> org.hibernate.type.BasicTypeReference@718989fa
2025-05-02 12:14:55 [main] DEBUG o.hibernate.type.BasicTypeRegistry - Adding type registration imm_serializable -> org.hibernate.type.BasicTypeReference@69f080ad
2025-05-02 12:14:55 [main] DEBUG o.h.b.internal.BootstrapContextImpl - Injecting JPA temp ClassLoader [org.springframework.instrument.classloading.SimpleThrowawayClassLoader@3dfd7eaa] into BootstrapContext; was [null]
2025-05-02 12:14:55 [main] DEBUG o.h.b.internal.ClassLoaderAccessImpl - ClassLoaderAccessImpl#injectTempClassLoader(org.springframework.instrument.classloading.SimpleThrowawayClassLoader@3dfd7eaa) [was null]
2025-05-02 12:14:55 [main] DEBUG o.h.b.internal.BootstrapContextImpl - Injecting ScanEnvironment [org.hibernate.jpa.boot.internal.StandardJpaScanEnvironmentImpl@5f193335] into BootstrapContext; was [null]
2025-05-02 12:14:55 [main] DEBUG o.h.b.internal.BootstrapContextImpl - Injecting ScanOptions [org.hibernate.boot.archive.scan.internal.StandardScanOptions@19002b34] into BootstrapContext; was [org.hibernate.boot.archive.scan.internal.StandardScanOptions@1ec88aa1]
2025-05-02 12:14:56 [main] INFO  o.s.o.j.p.SpringPersistenceUnitInfo - No LoadTimeWeaver setup: ignoring JPA class transformer
2025-05-02 12:14:56 [main] DEBUG o.h.b.internal.BootstrapContextImpl - Injecting JPA temp ClassLoader [null] into BootstrapContext; was [org.springframework.instrument.classloading.SimpleThrowawayClassLoader@3dfd7eaa]
2025-05-02 12:14:56 [main] DEBUG o.h.b.internal.ClassLoaderAccessImpl - ClassLoaderAccessImpl#injectTempClassLoader(null) [was org.springframework.instrument.classloading.SimpleThrowawayClassLoader@3dfd7eaa]
2025-05-02 12:14:56 [main] DEBUG com.zaxxer.hikari.HikariConfig - HikariPool-1 - configuration:
2025-05-02 12:14:56 [main] DEBUG com.zaxxer.hikari.HikariConfig - allowPoolSuspension.............false
2025-05-02 12:14:56 [main] DEBUG com.zaxxer.hikari.HikariConfig - autoCommit......................true
2025-05-02 12:14:56 [main] DEBUG com.zaxxer.hikari.HikariConfig - catalog.........................none
2025-05-02 12:14:56 [main] DEBUG com.zaxxer.hikari.HikariConfig - connectionInitSql...............none
2025-05-02 12:14:56 [main] DEBUG com.zaxxer.hikari.HikariConfig - connectionTestQuery.............none
2025-05-02 12:14:56 [main] DEBUG com.zaxxer.hikari.HikariConfig - connectionTimeout...............30000
2025-05-02 12:14:56 [main] DEBUG com.zaxxer.hikari.HikariConfig - dataSource......................none
2025-05-02 12:14:56 [main] DEBUG com.zaxxer.hikari.HikariConfig - dataSourceClassName.............none
2025-05-02 12:14:56 [main] DEBUG com.zaxxer.hikari.HikariConfig - dataSourceJNDI..................none
2025-05-02 12:14:56 [main] DEBUG com.zaxxer.hikari.HikariConfig - dataSourceProperties............{password=<masked>}
2025-05-02 12:14:56 [main] DEBUG com.zaxxer.hikari.HikariConfig - driverClassName................."org.h2.Driver"
2025-05-02 12:14:56 [main] DEBUG com.zaxxer.hikari.HikariConfig - exceptionOverrideClassName......none
2025-05-02 12:14:56 [main] DEBUG com.zaxxer.hikari.HikariConfig - healthCheckProperties...........{}
2025-05-02 12:14:56 [main] DEBUG com.zaxxer.hikari.HikariConfig - healthCheckRegistry.............none
2025-05-02 12:14:56 [main] DEBUG com.zaxxer.hikari.HikariConfig - idleTimeout.....................600000
2025-05-02 12:14:56 [main] DEBUG com.zaxxer.hikari.HikariConfig - initializationFailTimeout.......1
2025-05-02 12:14:56 [main] DEBUG com.zaxxer.hikari.HikariConfig - isolateInternalQueries..........false
2025-05-02 12:14:56 [main] DEBUG com.zaxxer.hikari.HikariConfig - jdbcUrl.........................jdbc:h2:mem:medical_register;DB_CLOSE_DELAY=-1;DB_CLOSE_ON_EXIT=FALSE
2025-05-02 12:14:56 [main] DEBUG com.zaxxer.hikari.HikariConfig - keepaliveTime...................0
2025-05-02 12:14:56 [main] DEBUG com.zaxxer.hikari.HikariConfig - leakDetectionThreshold..........0
2025-05-02 12:14:56 [main] DEBUG com.zaxxer.hikari.HikariConfig - maxLifetime.....................1800000
2025-05-02 12:14:56 [main] DEBUG com.zaxxer.hikari.HikariConfig - maximumPoolSize.................10
2025-05-02 12:14:56 [main] DEBUG com.zaxxer.hikari.HikariConfig - metricRegistry..................none
2025-05-02 12:14:56 [main] DEBUG com.zaxxer.hikari.HikariConfig - metricsTrackerFactory...........none
2025-05-02 12:14:56 [main] DEBUG com.zaxxer.hikari.HikariConfig - minimumIdle.....................10
2025-05-02 12:14:56 [main] DEBUG com.zaxxer.hikari.HikariConfig - password........................<masked>
2025-05-02 12:14:56 [main] DEBUG com.zaxxer.hikari.HikariConfig - poolName........................"HikariPool-1"
2025-05-02 12:14:56 [main] DEBUG com.zaxxer.hikari.HikariConfig - readOnly........................false
2025-05-02 12:14:56 [main] DEBUG com.zaxxer.hikari.HikariConfig - registerMbeans..................false
2025-05-02 12:14:56 [main] DEBUG com.zaxxer.hikari.HikariConfig - scheduledExecutor...............none
2025-05-02 12:14:56 [main] DEBUG com.zaxxer.hikari.HikariConfig - schema..........................none
2025-05-02 12:14:56 [main] DEBUG com.zaxxer.hikari.HikariConfig - threadFactory...................internal
2025-05-02 12:14:56 [main] DEBUG com.zaxxer.hikari.HikariConfig - transactionIsolation............default
2025-05-02 12:14:56 [main] DEBUG com.zaxxer.hikari.HikariConfig - username........................"sa"
2025-05-02 12:14:56 [main] DEBUG com.zaxxer.hikari.HikariConfig - validationTimeout...............5000
2025-05-02 12:14:56 [main] INFO  com.zaxxer.hikari.HikariDataSource - HikariPool-1 - Starting...
2025-05-02 12:14:56 [main] INFO  com.zaxxer.hikari.pool.HikariPool - HikariPool-1 - Added connection conn0: url=jdbc:h2:mem:medical_register user=SA
2025-05-02 12:14:56 [main] INFO  com.zaxxer.hikari.HikariDataSource - HikariPool-1 - Start completed.
2025-05-02 12:14:56 [main] DEBUG o.h.e.j.e.i.JdbcEnvironmentInitiator - Database ->
       name : H2
    version : 2.1.214 (2022-06-13)
      major : 2
      minor : 1
2025-05-02 12:14:56 [main] DEBUG o.h.e.j.e.i.JdbcEnvironmentInitiator - Driver ->
       name : H2 JDBC Driver
    version : 2.1.214 (2022-06-13)
      major : 2
      minor : 1
2025-05-02 12:14:56 [main] DEBUG o.h.e.j.e.i.JdbcEnvironmentInitiator - JDBC version : 4.2
2025-05-02 12:14:56 [main] WARN  org.hibernate.orm.deprecation - HHH90000025: H2Dialect does not need to be specified explicitly using 'hibernate.dialect' (remove the property setting and it will be selected by default)
2025-05-02 12:14:56 [main] DEBUG org.hibernate.orm.dialect - HHH035001: Using dialect: org.hibernate.dialect.H2Dialect, version: 2.1.214
2025-05-02 12:14:56 [main] DEBUG o.h.e.j.e.s.IdentifierHelperBuilder - JDBC driver metadata reported database stores quoted identifiers in neither upper, lower nor mixed case
2025-05-02 12:14:56 [main] DEBUG o.h.t.d.jdbc.spi.JdbcTypeRegistry - addDescriptor(NCharTypeDescriptor) replaced previous registration(CharTypeDescriptor)
2025-05-02 12:14:56 [main] DEBUG o.h.t.d.jdbc.spi.JdbcTypeRegistry - addDescriptor(NVarcharTypeDescriptor) replaced previous registration(VarcharTypeDescriptor)
2025-05-02 12:14:56 [main] DEBUG o.h.t.d.jdbc.spi.JdbcTypeRegistry - addDescriptor(LongNVarcharTypeDescriptor) replaced previous registration(LongVarcharTypeDescriptor)
2025-05-02 12:14:56 [main] DEBUG o.h.t.d.jdbc.spi.JdbcTypeRegistry - addDescriptor(NClobTypeDescriptor(DEFAULT)) replaced previous registration(ClobTypeDescriptor(DEFAULT))
2025-05-02 12:14:56 [main] DEBUG o.h.t.d.jdbc.spi.JdbcTypeRegistry - addDescriptor(2005, ClobTypeDescriptor(STREAM_BINDING)) replaced previous registration(ClobTypeDescriptor(DEFAULT))
2025-05-02 12:14:56 [main] DEBUG o.h.t.d.jdbc.spi.JdbcTypeRegistry - addDescriptor(TimestampUtcDescriptor) replaced previous registration(TimestampUtcDescriptor)
2025-05-02 12:14:56 [HikariPool-1 housekeeper] DEBUG com.zaxxer.hikari.pool.HikariPool - HikariPool-1 - Pool stats (total=1, active=0, idle=1, waiting=0)
2025-05-02 12:14:56 [HikariPool-1 connection adder] DEBUG com.zaxxer.hikari.pool.HikariPool - HikariPool-1 - Added connection conn1: url=jdbc:h2:mem:medical_register user=SA
2025-05-02 12:14:56 [main] DEBUG o.hibernate.type.BasicTypeRegistry - Adding type registration org.hibernate.type.DurationType -> basicType@1(java.time.Duration,3015)
2025-05-02 12:14:56 [main] DEBUG o.hibernate.type.BasicTypeRegistry - Adding type registration Duration -> basicType@1(java.time.Duration,3015)
2025-05-02 12:14:56 [main] DEBUG o.hibernate.type.BasicTypeRegistry - Adding type registration java.time.Duration -> basicType@1(java.time.Duration,3015)
2025-05-02 12:14:56 [HikariPool-1 connection adder] DEBUG com.zaxxer.hikari.pool.HikariPool - HikariPool-1 - Added connection conn2: url=jdbc:h2:mem:medical_register user=SA
2025-05-02 12:14:56 [main] DEBUG o.h.type.spi.TypeConfiguration$Scope - Scoping TypeConfiguration [org.hibernate.type.spi.TypeConfiguration@195498aa] to MetadataBuildingContext [org.hibernate.boot.internal.MetadataBuildingContextRootImpl@4b360972]
2025-05-02 12:14:56 [HikariPool-1 connection adder] DEBUG com.zaxxer.hikari.pool.HikariPool - HikariPool-1 - Added connection conn3: url=jdbc:h2:mem:medical_register user=SA
2025-05-02 12:14:56 [HikariPool-1 connection adder] DEBUG com.zaxxer.hikari.pool.HikariPool - HikariPool-1 - Added connection conn4: url=jdbc:h2:mem:medical_register user=SA
2025-05-02 12:14:56 [HikariPool-1 connection adder] DEBUG com.zaxxer.hikari.pool.HikariPool - HikariPool-1 - Added connection conn5: url=jdbc:h2:mem:medical_register user=SA
2025-05-02 12:14:56 [main] DEBUG o.h.boot.model.relational.Namespace - Created database namespace [logicalName=Name{catalog=null, schema=null}, physicalName=Name{catalog=null, schema=null}]
2025-05-02 12:14:56 [HikariPool-1 connection adder] DEBUG com.zaxxer.hikari.pool.HikariPool - HikariPool-1 - Added connection conn6: url=jdbc:h2:mem:medical_register user=SA
2025-05-02 12:14:56 [HikariPool-1 connection adder] DEBUG com.zaxxer.hikari.pool.HikariPool - HikariPool-1 - Added connection conn7: url=jdbc:h2:mem:medical_register user=SA
2025-05-02 12:14:56 [HikariPool-1 connection adder] DEBUG com.zaxxer.hikari.pool.HikariPool - HikariPool-1 - Added connection conn8: url=jdbc:h2:mem:medical_register user=SA
2025-05-02 12:14:56 [main] DEBUG o.h.boot.model.internal.EntityBinder - Binding entity from annotated class: com.example.model.AuditLog
2025-05-02 12:14:56 [HikariPool-1 connection adder] DEBUG com.zaxxer.hikari.pool.HikariPool - HikariPool-1 - Added connection conn9: url=jdbc:h2:mem:medical_register user=SA
2025-05-02 12:14:56 [main] DEBUG o.h.boot.model.internal.EntityBinder - Import with entity name AuditLog
2025-05-02 12:14:56 [HikariPool-1 connection adder] DEBUG com.zaxxer.hikari.pool.HikariPool - HikariPool-1 - After adding stats (total=10, active=0, idle=10, waiting=0)
2025-05-02 12:14:56 [main] DEBUG o.h.boot.model.internal.EntityBinder - Bind entity com.example.model.AuditLog on table audit_log
2025-05-02 12:14:56 [main] DEBUG o.h.b.model.internal.AnnotatedColumn - Binding column: AnnotatedDiscriminatorColumn(column='DTYPE')
2025-05-02 12:14:56 [main] DEBUG o.h.b.model.internal.AnnotatedColumn - Binding column: AnnotatedColumn()
2025-05-02 12:14:56 [main] DEBUG o.h.b.internal.ClassLoaderAccessImpl - Not known whether passed class name [com.example.model.AuditLog] is safe
2025-05-02 12:14:56 [main] DEBUG o.h.b.internal.ClassLoaderAccessImpl - No temp ClassLoader provided; using live ClassLoader for loading potentially unsafe class : com.example.model.AuditLog
2025-05-02 12:14:56 [main] DEBUG o.h.b.model.internal.PropertyBinder - MetadataSourceProcessor property id with lazy=false
2025-05-02 12:14:56 [main] DEBUG o.h.b.m.i.AbstractPropertyHolder - Attempting to locate auto-apply AttributeConverter for property [com.example.model.AuditLog:id]
2025-05-02 12:14:56 [main] DEBUG o.h.b.m.internal.BasicValueBinder - building BasicValue for id
2025-05-02 12:14:56 [main] DEBUG org.hibernate.mapping.BasicValue - Skipping column re-registration: audit_log.id
2025-05-02 12:14:56 [main] DEBUG o.h.b.model.internal.PropertyBinder - Building property id
2025-05-02 12:14:56 [main] DEBUG o.h.boot.model.internal.BinderHelper - #makeIdGenerator(BasicValue([Column(id)]), id, identity, , ...)
2025-05-02 12:14:56 [main] DEBUG o.h.b.model.internal.AnnotatedColumn - Binding column: AnnotatedColumn()
2025-05-02 12:14:56 [main] DEBUG o.h.b.model.internal.PropertyBinder - MetadataSourceProcessor property action with lazy=false
2025-05-02 12:14:56 [main] DEBUG o.h.b.m.i.AbstractPropertyHolder - Attempting to locate auto-apply AttributeConverter for property [com.example.model.AuditLog:action]
2025-05-02 12:14:56 [main] DEBUG o.h.b.m.internal.BasicValueBinder - building BasicValue for action
2025-05-02 12:14:56 [main] DEBUG org.hibernate.mapping.BasicValue - Skipping column re-registration: audit_log.action
2025-05-02 12:14:56 [main] DEBUG o.h.b.model.internal.PropertyBinder - Building property action
2025-05-02 12:14:56 [main] DEBUG o.h.b.model.internal.AnnotatedColumn - Binding column: AnnotatedColumn()
2025-05-02 12:14:56 [main] DEBUG o.h.b.model.internal.PropertyBinder - MetadataSourceProcessor property details with lazy=false
2025-05-02 12:14:56 [main] DEBUG o.h.b.m.i.AbstractPropertyHolder - Attempting to locate auto-apply AttributeConverter for property [com.example.model.AuditLog:details]
2025-05-02 12:14:56 [main] DEBUG o.h.b.m.internal.BasicValueBinder - building BasicValue for details
2025-05-02 12:14:56 [main] DEBUG org.hibernate.mapping.BasicValue - Skipping column re-registration: audit_log.details
2025-05-02 12:14:56 [main] DEBUG o.h.b.model.internal.PropertyBinder - Building property details
2025-05-02 12:14:56 [main] DEBUG o.h.b.model.internal.AnnotatedColumn - Binding column: AnnotatedColumn()
2025-05-02 12:14:56 [main] DEBUG o.h.b.model.internal.PropertyBinder - MetadataSourceProcessor property timestamp with lazy=false
2025-05-02 12:14:56 [main] DEBUG o.h.b.m.i.AbstractPropertyHolder - Attempting to locate auto-apply AttributeConverter for property [com.example.model.AuditLog:timestamp]
2025-05-02 12:14:56 [main] DEBUG o.h.b.m.internal.BasicValueBinder - building BasicValue for timestamp
2025-05-02 12:14:56 [main] DEBUG org.hibernate.mapping.BasicValue - Skipping column re-registration: audit_log.timestamp
2025-05-02 12:14:56 [main] DEBUG o.h.b.model.internal.PropertyBinder - Building property timestamp
2025-05-02 12:14:56 [main] DEBUG o.h.b.model.internal.AnnotatedColumn - Binding column: AnnotatedColumn()
2025-05-02 12:14:56 [main] DEBUG o.h.b.model.internal.PropertyBinder - MetadataSourceProcessor property username with lazy=false
2025-05-02 12:14:56 [main] DEBUG o.h.b.m.i.AbstractPropertyHolder - Attempting to locate auto-apply AttributeConverter for property [com.example.model.AuditLog:username]
2025-05-02 12:14:56 [main] DEBUG o.h.b.m.internal.BasicValueBinder - building BasicValue for username
2025-05-02 12:14:56 [main] DEBUG org.hibernate.mapping.BasicValue - Skipping column re-registration: audit_log.username
2025-05-02 12:14:56 [main] DEBUG o.h.b.model.internal.PropertyBinder - Building property username
2025-05-02 12:14:56 [main] DEBUG o.h.b.r.c.i.ClassLoaderServiceImpl - HHH000194: Package not found or wo package-info.java: com.example.model
2025-05-02 12:14:56 [main] DEBUG o.h.boot.model.internal.EntityBinder - Binding entity from annotated class: com.example.model.MedicalRecord
2025-05-02 12:14:56 [main] DEBUG o.h.boot.model.internal.EntityBinder - Import with entity name MedicalRecord
2025-05-02 12:14:56 [main] DEBUG o.h.boot.model.internal.EntityBinder - Bind entity com.example.model.MedicalRecord on table medical_record
2025-05-02 12:14:56 [main] DEBUG o.h.b.model.internal.AnnotatedColumn - Binding column: AnnotatedDiscriminatorColumn(column='DTYPE')
2025-05-02 12:14:56 [main] DEBUG o.h.b.model.internal.AnnotatedColumn - Binding column: AnnotatedColumn()
2025-05-02 12:14:56 [main] DEBUG o.h.b.internal.ClassLoaderAccessImpl - Not known whether passed class name [com.example.model.MedicalRecord] is safe
2025-05-02 12:14:56 [main] DEBUG o.h.b.internal.ClassLoaderAccessImpl - No temp ClassLoader provided; using live ClassLoader for loading potentially unsafe class : com.example.model.MedicalRecord
2025-05-02 12:14:56 [main] DEBUG o.h.b.model.internal.PropertyBinder - MetadataSourceProcessor property id with lazy=false
2025-05-02 12:14:56 [main] DEBUG o.h.b.m.i.AbstractPropertyHolder - Attempting to locate auto-apply AttributeConverter for property [com.example.model.MedicalRecord:id]
2025-05-02 12:14:56 [main] DEBUG o.h.b.m.internal.BasicValueBinder - building BasicValue for id
2025-05-02 12:14:56 [main] DEBUG org.hibernate.mapping.BasicValue - Skipping column re-registration: medical_record.id
2025-05-02 12:14:56 [main] DEBUG o.h.b.model.internal.PropertyBinder - Building property id
2025-05-02 12:14:56 [main] DEBUG o.h.boot.model.internal.BinderHelper - #makeIdGenerator(BasicValue([Column(id)]), id, identity, , ...)
2025-05-02 12:14:56 [main] DEBUG o.h.b.model.internal.AnnotatedColumn - Binding column: AnnotatedColumn()
2025-05-02 12:14:56 [main] DEBUG o.h.b.model.internal.PropertyBinder - MetadataSourceProcessor property age with lazy=false
2025-05-02 12:14:56 [main] DEBUG o.h.b.m.i.AbstractPropertyHolder - Attempting to locate auto-apply AttributeConverter for property [com.example.model.MedicalRecord:age]
2025-05-02 12:14:56 [main] DEBUG o.h.b.m.internal.BasicValueBinder - building BasicValue for age
2025-05-02 12:14:56 [main] DEBUG org.hibernate.mapping.BasicValue - Skipping column re-registration: medical_record.age
2025-05-02 12:14:56 [main] DEBUG o.h.b.model.internal.PropertyBinder - Building property age
2025-05-02 12:14:56 [main] DEBUG o.h.b.model.internal.AnnotatedColumn - Binding column: AnnotatedColumn()
2025-05-02 12:14:56 [main] DEBUG o.h.b.model.internal.PropertyBinder - MetadataSourceProcessor property medicalHistory with lazy=false
2025-05-02 12:14:56 [main] DEBUG o.h.b.m.i.AbstractPropertyHolder - Attempting to locate auto-apply AttributeConverter for property [com.example.model.MedicalRecord:medicalHistory]
2025-05-02 12:14:56 [main] DEBUG o.h.b.m.internal.BasicValueBinder - building BasicValue for medicalHistory
2025-05-02 12:14:56 [main] DEBUG org.hibernate.mapping.BasicValue - Skipping column re-registration: medical_record.medical_history
2025-05-02 12:14:56 [main] DEBUG o.h.b.model.internal.PropertyBinder - Building property medicalHistory
2025-05-02 12:14:56 [main] DEBUG o.h.b.model.internal.AnnotatedColumn - Binding column: AnnotatedColumn()
2025-05-02 12:14:56 [main] DEBUG o.h.b.model.internal.PropertyBinder - MetadataSourceProcessor property name with lazy=false
2025-05-02 12:14:56 [main] DEBUG o.h.b.m.i.AbstractPropertyHolder - Attempting to locate auto-apply AttributeConverter for property [com.example.model.MedicalRecord:name]
2025-05-02 12:14:56 [main] DEBUG o.h.b.m.internal.BasicValueBinder - building BasicValue for name
2025-05-02 12:14:56 [main] DEBUG org.hibernate.mapping.BasicValue - Skipping column re-registration: medical_record.name
2025-05-02 12:14:56 [main] DEBUG o.h.b.model.internal.PropertyBinder - Building property name
2025-05-02 12:14:56 [main] DEBUG o.h.b.r.c.i.ClassLoaderServiceImpl - HHH000194: Package not found or wo package-info.java: com.example.model
2025-05-02 12:14:56 [main] DEBUG o.h.b.m.internal.BasicValueBinder - Starting `BasicValueBinder#fillSimpleValue` for id
2025-05-02 12:14:56 [main] DEBUG o.h.b.m.internal.BasicValueBinder - Starting `BasicValueBinder#fillSimpleValue` for action
2025-05-02 12:14:56 [main] DEBUG o.h.b.m.internal.BasicValueBinder - Starting `BasicValueBinder#fillSimpleValue` for details
2025-05-02 12:14:56 [main] DEBUG o.h.b.m.internal.BasicValueBinder - Starting `BasicValueBinder#fillSimpleValue` for timestamp
2025-05-02 12:14:56 [main] DEBUG o.h.b.m.internal.BasicValueBinder - Starting `BasicValueBinder#fillSimpleValue` for username
2025-05-02 12:14:56 [main] DEBUG o.h.b.m.internal.BasicValueBinder - Starting `BasicValueBinder#fillSimpleValue` for id
2025-05-02 12:14:56 [main] DEBUG o.h.b.m.internal.BasicValueBinder - Starting `BasicValueBinder#fillSimpleValue` for age
2025-05-02 12:14:56 [main] DEBUG o.h.b.m.internal.BasicValueBinder - Starting `BasicValueBinder#fillSimpleValue` for medicalHistory
2025-05-02 12:14:56 [main] DEBUG o.h.b.m.internal.BasicValueBinder - Starting `BasicValueBinder#fillSimpleValue` for name
2025-05-02 12:14:56 [main] DEBUG org.hibernate.mapping.PrimaryKey - Forcing column [id] to be non-null as it is part of the primary key for table [audit_log]
2025-05-02 12:14:56 [main] DEBUG org.hibernate.mapping.PrimaryKey - Forcing column [id] to be non-null as it is part of the primary key for table [medical_record]
2025-05-02 12:14:56 [main] DEBUG o.h.internal.SessionFactoryImpl - Building session factory
2025-05-02 12:14:56 [main] DEBUG o.h.s.i.SessionFactoryServiceRegistryImpl - EventListenerRegistry access via ServiceRegistry is deprecated.  Use `sessionFactory.getEventEngine().getListenerRegistry()` instead
2025-05-02 12:14:56 [main] DEBUG o.h.internal.SessionFactoryImpl - Instantiating SessionFactory with settings: {java.specification.version=21, sun.cpu.isalist=amd64, hibernate.resource.beans.container=org.springframework.orm.hibernate5.SpringBeanContainer@1e9d7366, hibernate.connection.handling_mode=DELAYED_ACQUISITION_AND_HOLD, sun.jnu.encoding=Cp1252, hibernate.dialect=org.hibernate.dialect.H2Dialect, hibernate.implicit_naming_strategy=org.springframework.boot.orm.jpa.hibernate.SpringImplicitNamingStrategy, java.class.path=C:\Naga\HCL\HCL-FullStack-Gov_Task\medical-register-app-2\target\test-classes;C:\Naga\HCL\HCL-FullStack-Gov_Task\medical-register-app-2\target\classes;C:\Users\user\.m2\repository\org\springframework\boot\spring-boot-starter-data-jpa\3.2.5\spring-boot-starter-data-jpa-3.2.5.jar;C:\Users\user\.m2\repository\org\springframework\boot\spring-boot-starter-aop\3.2.5\spring-boot-starter-aop-3.2.5.jar;C:\Users\user\.m2\repository\org\aspectj\aspectjweaver\1.9.22\aspectjweaver-1.9.22.jar;C:\Users\user\.m2\repository\org\springframework\boot\spring-boot-starter-jdbc\3.2.5\spring-boot-starter-jdbc-3.2.5.jar;C:\Users\user\.m2\repository\com\zaxxer\HikariCP\5.0.1\HikariCP-5.0.1.jar;C:\Users\user\.m2\repository\org\springframework\spring-jdbc\6.1.6\spring-jdbc-6.1.6.jar;C:\Users\user\.m2\repository\org\hibernate\orm\hibernate-core\6.4.4.Final\hibernate-core-6.4.4.Final.jar;C:\Users\user\.m2\repository\jakarta\persistence\jakarta.persistence-api\3.1.0\jakarta.persistence-api-3.1.0.jar;C:\Users\user\.m2\repository\jakarta\transaction\jakarta.transaction-api\2.0.1\jakarta.transaction-api-2.0.1.jar;C:\Users\user\.m2\repository\org\hibernate\common\hibernate-commons-annotations\6.0.6.Final\hibernate-commons-annotations-6.0.6.Final.jar;C:\Users\user\.m2\repository\io\smallrye\jandex\3.1.2\jandex-3.1.2.jar;C:\Users\user\.m2\repository\org\glassfish\jaxb\jaxb-runtime\4.0.5\jaxb-runtime-4.0.5.jar;C:\Users\user\.m2\repository\org\glassfish\jaxb\jaxb-core\4.0.5\jaxb-core-4.0.5.jar;C:\Users\user\.m2\repository\org\eclipse\angus\angus-activation\2.0.2\angus-activation-2.0.2.jar;C:\Users\user\.m2\repository\org\glassfish\jaxb\txw2\4.0.5\txw2-4.0.5.jar;C:\Users\user\.m2\repository\com\sun\istack\istack-commons-runtime\4.1.2\istack-commons-runtime-4.1.2.jar;C:\Users\user\.m2\repository\jakarta\inject\jakarta.inject-api\2.0.1\jakarta.inject-api-2.0.1.jar;C:\Users\user\.m2\repository\org\antlr\antlr4-runtime\4.13.0\antlr4-runtime-4.13.0.jar;C:\Users\user\.m2\repository\org\springframework\data\spring-data-jpa\3.2.5\spring-data-jpa-3.2.5.jar;C:\Users\user\.m2\repository\org\springframework\data\spring-data-commons\3.2.5\spring-data-commons-3.2.5.jar;C:\Users\user\.m2\repository\org\springframework\spring-orm\6.1.6\spring-orm-6.1.6.jar;C:\Users\user\.m2\repository\org\springframework\spring-context\6.1.6\spring-context-6.1.6.jar;C:\Users\user\.m2\repository\org\springframework\spring-tx\6.1.6\spring-tx-6.1.6.jar;C:\Users\user\.m2\repository\org\springframework\spring-beans\6.1.6\spring-beans-6.1.6.jar;C:\Users\user\.m2\repository\jakarta\annotation\jakarta.annotation-api\2.1.1\jakarta.annotation-api-2.1.1.jar;C:\Users\user\.m2\repository\org\slf4j\slf4j-api\2.0.13\slf4j-api-2.0.13.jar;C:\Users\user\.m2\repository\org\springframework\spring-aspects\6.1.6\spring-aspects-6.1.6.jar;C:\Users\user\.m2\repository\org\springframework\boot\spring-boot-starter-web\3.2.5\spring-boot-starter-web-3.2.5.jar;C:\Users\user\.m2\repository\org\springframework\boot\spring-boot-starter\3.2.5\spring-boot-starter-3.2.5.jar;C:\Users\user\.m2\repository\org\springframework\boot\spring-boot\3.2.5\spring-boot-3.2.5.jar;C:\Users\user\.m2\repository\org\springframework\boot\spring-boot-autoconfigure\3.2.5\spring-boot-autoconfigure-3.2.5.jar;C:\Users\user\.m2\repository\org\springframework\boot\spring-boot-starter-logging\3.2.5\spring-boot-starter-logging-3.2.5.jar;C:\Users\user\.m2\repository\ch\qos\logback\logback-classic\1.4.14\logback-classic-1.4.14.jar;C:\Users\user\.m2\repository\ch\qos\logback\logback-core\1.4.14\logback-core-1.4.14.jar;C:\Users\user\.m2\repository\org\apache\logging\log4j\log4j-to-slf4j\2.21.1\log4j-to-slf4j-2.21.1.jar;C:\Users\user\.m2\repository\org\apache\logging\log4j\log4j-api\2.21.1\log4j-api-2.21.1.jar;C:\Users\user\.m2\repository\org\slf4j\jul-to-slf4j\2.0.13\jul-to-slf4j-2.0.13.jar;C:\Users\user\.m2\repository\org\yaml\snakeyaml\2.2\snakeyaml-2.2.jar;C:\Users\user\.m2\repository\org\springframework\boot\spring-boot-starter-json\3.2.5\spring-boot-starter-json-3.2.5.jar;C:\Users\user\.m2\repository\com\fasterxml\jackson\datatype\jackson-datatype-jdk8\2.15.4\jackson-datatype-jdk8-2.15.4.jar;C:\Users\user\.m2\repository\com\fasterxml\jackson\datatype\jackson-datatype-jsr310\2.15.4\jackson-datatype-jsr310-2.15.4.jar;C:\Users\user\.m2\repository\com\fasterxml\jackson\module\jackson-module-parameter-names\2.15.4\jackson-module-parameter-names-2.15.4.jar;C:\Users\user\.m2\repository\org\springframework\boot\spring-boot-starter-tomcat\3.2.5\spring-boot-starter-tomcat-3.2.5.jar;C:\Users\user\.m2\repository\org\apache\tomcat\embed\tomcat-embed-core\10.1.20\tomcat-embed-core-10.1.20.jar;C:\Users\user\.m2\repository\org\apache\tomcat\embed\tomcat-embed-el\10.1.20\tomcat-embed-el-10.1.20.jar;C:\Users\user\.m2\repository\org\apache\tomcat\embed\tomcat-embed-websocket\10.1.20\tomcat-embed-websocket-10.1.20.jar;C:\Users\user\.m2\repository\org\springframework\spring-web\6.1.6\spring-web-6.1.6.jar;C:\Users\user\.m2\repository\io\micrometer\micrometer-observation\1.12.5\micrometer-observation-1.12.5.jar;C:\Users\user\.m2\repository\io\micrometer\micrometer-commons\1.12.5\micrometer-commons-1.12.5.jar;C:\Users\user\.m2\repository\org\springframework\spring-webmvc\6.1.6\spring-webmvc-6.1.6.jar;C:\Users\user\.m2\repository\org\springframework\spring-expression\6.1.6\spring-expression-6.1.6.jar;C:\Users\user\.m2\repository\org\springframework\boot\spring-boot-starter-security\3.2.5\spring-boot-starter-security-3.2.5.jar;C:\Users\user\.m2\repository\org\springframework\spring-aop\6.1.6\spring-aop-6.1.6.jar;C:\Users\user\.m2\repository\org\springframework\security\spring-security-config\6.2.4\spring-security-config-6.2.4.jar;C:\Users\user\.m2\repository\org\springframework\security\spring-security-web\6.2.4\spring-security-web-6.2.4.jar;C:\Users\user\.m2\repository\org\springframework\boot\spring-boot-starter-thymeleaf\3.2.5\spring-boot-starter-thymeleaf-3.2.5.jar;C:\Users\user\.m2\repository\org\thymeleaf\thymeleaf-spring6\3.1.2.RELEASE\thymeleaf-spring6-3.1.2.RELEASE.jar;C:\Users\user\.m2\repository\org\thymeleaf\thymeleaf\3.1.2.RELEASE\thymeleaf-3.1.2.RELEASE.jar;C:\Users\user\.m2\repository\org\attoparser\attoparser\2.0.7.RELEASE\attoparser-2.0.7.RELEASE.jar;C:\Users\user\.m2\repository\org\unbescape\unbescape\1.1.6.RELEASE\unbescape-1.1.6.RELEASE.jar;C:\Users\user\.m2\repository\com\auth0\auth0\1.38.0\auth0-1.38.0.jar;C:\Users\user\.m2\repository\com\squareup\okhttp3\okhttp\4.12.0\okhttp-4.12.0.jar;C:\Users\user\.m2\repository\com\squareup\okio\okio\3.6.0\okio-3.6.0.jar;C:\Users\user\.m2\repository\com\squareup\okio\okio-jvm\3.6.0\okio-jvm-3.6.0.jar;C:\Users\user\.m2\repository\org\jetbrains\kotlin\kotlin-stdlib-common\1.9.23\kotlin-stdlib-common-1.9.23.jar;C:\Users\user\.m2\repository\org\jetbrains\kotlin\kotlin-stdlib-jdk8\1.9.23\kotlin-stdlib-jdk8-1.9.23.jar;C:\Users\user\.m2\repository\org\jetbrains\kotlin\kotlin-stdlib\1.9.23\kotlin-stdlib-1.9.23.jar;C:\Users\user\.m2\repository\org\jetbrains\annotations\13.0\annotations-13.0.jar;C:\Users\user\.m2\repository\org\jetbrains\kotlin\kotlin-stdlib-jdk7\1.9.23\kotlin-stdlib-jdk7-1.9.23.jar;C:\Users\user\.m2\repository\com\squareup\okhttp3\logging-interceptor\4.12.0\logging-interceptor-4.12.0.jar;C:\Users\user\.m2\repository\com\fasterxml\jackson\core\jackson-databind\2.15.4\jackson-databind-2.15.4.jar;C:\Users\user\.m2\repository\com\fasterxml\jackson\core\jackson-annotations\2.15.4\jackson-annotations-2.15.4.jar;C:\Users\user\.m2\repository\com\fasterxml\jackson\core\jackson-core\2.15.4\jackson-core-2.15.4.jar;C:\Users\user\.m2\repository\com\auth0\java-jwt\3.18.3\java-jwt-3.18.3.jar;C:\Users\user\.m2\repository\net\jodah\failsafe\2.4.1\failsafe-2.4.1.jar;C:\Users\user\.m2\repository\org\projectlombok\lombok\1.18.30\lombok-1.18.30.jar;C:\Users\user\.m2\repository\org\postgresql\postgresql\42.6.2\postgresql-42.6.2.jar;C:\Users\user\.m2\repository\org\checkerframework\checker-qual\3.31.0\checker-qual-3.31.0.jar;C:\Users\user\.m2\repository\org\springframework\boot\spring-boot-starter-oauth2-resource-server\3.2.5\spring-boot-starter-oauth2-resource-server-3.2.5.jar;C:\Users\user\.m2\repository\org\springframework\security\spring-security-core\6.2.4\spring-security-core-6.2.4.jar;C:\Users\user\.m2\repository\org\springframework\security\spring-security-crypto\6.2.4\spring-security-crypto-6.2.4.jar;C:\Users\user\.m2\repository\org\springframework\security\spring-security-oauth2-resource-server\6.2.4\spring-security-oauth2-resource-server-6.2.4.jar;C:\Users\user\.m2\repository\org\springframework\security\spring-security-oauth2-core\6.2.4\spring-security-oauth2-core-6.2.4.jar;C:\Users\user\.m2\repository\org\springframework\security\spring-security-oauth2-jose\6.2.4\spring-security-oauth2-jose-6.2.4.jar;C:\Users\user\.m2\repository\com\nimbusds\nimbus-jose-jwt\9.24.4\nimbus-jose-jwt-9.24.4.jar;C:\Users\user\.m2\repository\com\github\stephenc\jcip\jcip-annotations\1.0-1\jcip-annotations-1.0-1.jar;C:\Users\user\.m2\repository\org\springframework\boot\spring-boot-starter-oauth2-client\3.2.5\spring-boot-starter-oauth2-client-3.2.5.jar;C:\Users\user\.m2\repository\org\springframework\security\spring-security-oauth2-client\6.2.4\spring-security-oauth2-client-6.2.4.jar;C:\Users\user\.m2\repository\com\nimbusds\oauth2-oidc-sdk\9.43.3\oauth2-oidc-sdk-9.43.3.jar;C:\Users\user\.m2\repository\com\nimbusds\content-type\2.2\content-type-2.2.jar;C:\Users\user\.m2\repository\com\nimbusds\lang-tag\1.7\lang-tag-1.7.jar;C:\Users\user\.m2\repository\org\springframework\boot\spring-boot-starter-test\3.2.5\spring-boot-starter-test-3.2.5.jar;C:\Users\user\.m2\repository\org\springframework\boot\spring-boot-test\3.2.5\spring-boot-test-3.2.5.jar;C:\Users\user\.m2\repository\org\springframework\boot\spring-boot-test-autoconfigure\3.2.5\spring-boot-test-autoconfigure-3.2.5.jar;C:\Users\user\.m2\repository\com\jayway\jsonpath\json-path\2.9.0\json-path-2.9.0.jar;C:\Users\user\.m2\repository\jakarta\xml\bind\jakarta.xml.bind-api\4.0.2\jakarta.xml.bind-api-4.0.2.jar;C:\Users\user\.m2\repository\jakarta\activation\jakarta.activation-api\2.1.3\jakarta.activation-api-2.1.3.jar;C:\Users\user\.m2\repository\net\minidev\json-smart\2.5.1\json-smart-2.5.1.jar;C:\Users\user\.m2\repository\net\minidev\accessors-smart\2.5.1\accessors-smart-2.5.1.jar;C:\Users\user\.m2\repository\org\ow2\asm\asm\9.6\asm-9.6.jar;C:\Users\user\.m2\repository\org\assertj\assertj-core\3.24.2\assertj-core-3.24.2.jar;C:\Users\user\.m2\repository\org\awaitility\awaitility\4.2.1\awaitility-4.2.1.jar;C:\Users\user\.m2\repository\org\hamcrest\hamcrest\2.2\hamcrest-2.2.jar;C:\Users\user\.m2\repository\org\junit\jupiter\junit-jupiter\5.10.2\junit-jupiter-5.10.2.jar;C:\Users\user\.m2\repository\org\junit\jupiter\junit-jupiter-api\5.10.2\junit-jupiter-api-5.10.2.jar;C:\Users\user\.m2\repository\org\opentest4j\opentest4j\1.3.0\opentest4j-1.3.0.jar;C:\Users\user\.m2\repository\org\junit\platform\junit-platform-commons\1.10.2\junit-platform-commons-1.10.2.jar;C:\Users\user\.m2\repository\org\apiguardian\apiguardian-api\1.1.2\apiguardian-api-1.1.2.jar;C:\Users\user\.m2\repository\org\junit\jupiter\junit-jupiter-params\5.10.2\junit-jupiter-params-5.10.2.jar;C:\Users\user\.m2\repository\org\junit\jupiter\junit-jupiter-engine\5.10.2\junit-jupiter-engine-5.10.2.jar;C:\Users\user\.m2\repository\org\junit\platform\junit-platform-engine\1.10.2\junit-platform-engine-1.10.2.jar;C:\Users\user\.m2\repository\org\mockito\mockito-junit-jupiter\5.7.0\mockito-junit-jupiter-5.7.0.jar;C:\Users\user\.m2\repository\org\skyscreamer\jsonassert\1.5.1\jsonassert-1.5.1.jar;C:\Users\user\.m2\repository\com\vaadin\external\google\android-json\0.0.20131108.vaadin1\android-json-0.0.20131108.vaadin1.jar;C:\Users\user\.m2\repository\org\springframework\spring-core\6.1.6\spring-core-6.1.6.jar;C:\Users\user\.m2\repository\org\springframework\spring-jcl\6.1.6\spring-jcl-6.1.6.jar;C:\Users\user\.m2\repository\org\springframework\spring-test\6.1.6\spring-test-6.1.6.jar;C:\Users\user\.m2\repository\org\xmlunit\xmlunit-core\2.9.1\xmlunit-core-2.9.1.jar;C:\Users\user\.m2\repository\javax\servlet\javax.servlet-api\4.0.1\javax.servlet-api-4.0.1.jar;C:\Users\user\.m2\repository\org\springframework\security\spring-security-test\6.2.4\spring-security-test-6.2.4.jar;C:\Users\user\.m2\repository\org\hibernate\validator\hibernate-validator\8.0.0.Final\hibernate-validator-8.0.0.Final.jar;C:\Users\user\.m2\repository\jakarta\validation\jakarta.validation-api\3.0.2\jakarta.validation-api-3.0.2.jar;C:\Users\user\.m2\repository\org\jboss\logging\jboss-logging\3.5.3.Final\jboss-logging-3.5.3.Final.jar;C:\Users\user\.m2\repository\com\fasterxml\classmate\1.6.0\classmate-1.6.0.jar;C:\Users\user\.m2\repository\com\h2database\h2\2.1.214\h2-2.1.214.jar;C:\Users\user\.m2\repository\org\mockito\mockito-core\5.7.0\mockito-core-5.7.0.jar;C:\Users\user\.m2\repository\net\bytebuddy\byte-buddy\1.14.13\byte-buddy-1.14.13.jar;C:\Users\user\.m2\repository\net\bytebuddy\byte-buddy-agent\1.14.13\byte-buddy-agent-1.14.13.jar;C:\Users\user\.m2\repository\org\objenesis\objenesis\3.3\objenesis-3.3.jar;, java.vm.vendor=Oracle Corporation, sun.arch.data.model=64, user.variant=, java.vendor.url=https://java.oracle.com/, user.timezone=Asia/Singapore, jakarta.persistence.sharedCache.mode=UNSPECIFIED, org.jboss.logging.provider=slf4j, java.vm.specification.version=21, os.name=Windows 10, jakarta.persistence.nonJtaDataSource=HikariDataSource (HikariPool-1), sun.java.launcher=SUN_STANDARD, user.country=US, sun.boot.library.path=C:\Program Files\Java\jdk-21.0.4\bin, sun.java.command=C:\Users\user\AppData\Local\Temp\surefire6384689264957392786\surefirebooter-20250502121449896_3.jar C:\Users\user\AppData\Local\Temp\surefire6384689264957392786 2025-05-02T12-14-49_701-jvmRun1 surefire-20250502121449896_1tmp surefire_0-20250502121449896_2tmp, javax.persistence.nonJtaDataSource=HikariDataSource (HikariPool-1), hibernate.transaction.jta.platform=org.hibernate.engine.transaction.jta.platform.internal.NoJtaPlatform@20914835, jdk.debug=release, surefire.test.class.path=C:\Naga\HCL\HCL-FullStack-Gov_Task\medical-register-app-2\target\test-classes;C:\Naga\HCL\HCL-FullStack-Gov_Task\medical-register-app-2\target\classes;C:\Users\user\.m2\repository\org\springframework\boot\spring-boot-starter-data-jpa\3.2.5\spring-boot-starter-data-jpa-3.2.5.jar;C:\Users\user\.m2\repository\org\springframework\boot\spring-boot-starter-aop\3.2.5\spring-boot-starter-aop-3.2.5.jar;C:\Users\user\.m2\repository\org\aspectj\aspectjweaver\1.9.22\aspectjweaver-1.9.22.jar;C:\Users\user\.m2\repository\org\springframework\boot\spring-boot-starter-jdbc\3.2.5\spring-boot-starter-jdbc-3.2.5.jar;C:\Users\user\.m2\repository\com\zaxxer\HikariCP\5.0.1\HikariCP-5.0.1.jar;C:\Users\user\.m2\repository\org\springframework\spring-jdbc\6.1.6\spring-jdbc-6.1.6.jar;C:\Users\user\.m2\repository\org\hibernate\orm\hibernate-core\6.4.4.Final\hibernate-core-6.4.4.Final.jar;C:\Users\user\.m2\repository\jakarta\persistence\jakarta.persistence-api\3.1.0\jakarta.persistence-api-3.1.0.jar;C:\Users\user\.m2\repository\jakarta\transaction\jakarta.transaction-api\2.0.1\jakarta.transaction-api-2.0.1.jar;C:\Users\user\.m2\repository\org\hibernate\common\hibernate-commons-annotations\6.0.6.Final\hibernate-commons-annotations-6.0.6.Final.jar;C:\Users\user\.m2\repository\io\smallrye\jandex\3.1.2\jandex-3.1.2.jar;C:\Users\user\.m2\repository\org\glassfish\jaxb\jaxb-runtime\4.0.5\jaxb-runtime-4.0.5.jar;C:\Users\user\.m2\repository\org\glassfish\jaxb\jaxb-core\4.0.5\jaxb-core-4.0.5.jar;C:\Users\user\.m2\repository\org\eclipse\angus\angus-activation\2.0.2\angus-activation-2.0.2.jar;C:\Users\user\.m2\repository\org\glassfish\jaxb\txw2\4.0.5\txw2-4.0.5.jar;C:\Users\user\.m2\repository\com\sun\istack\istack-commons-runtime\4.1.2\istack-commons-runtime-4.1.2.jar;C:\Users\user\.m2\repository\jakarta\inject\jakarta.inject-api\2.0.1\jakarta.inject-api-2.0.1.jar;C:\Users\user\.m2\repository\org\antlr\antlr4-runtime\4.13.0\antlr4-runtime-4.13.0.jar;C:\Users\user\.m2\repository\org\springframework\data\spring-data-jpa\3.2.5\spring-data-jpa-3.2.5.jar;C:\Users\user\.m2\repository\org\springframework\data\spring-data-commons\3.2.5\spring-data-commons-3.2.5.jar;C:\Users\user\.m2\repository\org\springframework\spring-orm\6.1.6\spring-orm-6.1.6.jar;C:\Users\user\.m2\repository\org\springframework\spring-context\6.1.6\spring-context-6.1.6.jar;C:\Users\user\.m2\repository\org\springframework\spring-tx\6.1.6\spring-tx-6.1.6.jar;C:\Users\user\.m2\repository\org\springframework\spring-beans\6.1.6\spring-beans-6.1.6.jar;C:\Users\user\.m2\repository\jakarta\annotation\jakarta.annotation-api\2.1.1\jakarta.annotation-api-2.1.1.jar;C:\Users\user\.m2\repository\org\slf4j\slf4j-api\2.0.13\slf4j-api-2.0.13.jar;C:\Users\user\.m2\repository\org\springframework\spring-aspects\6.1.6\spring-aspects-6.1.6.jar;C:\Users\user\.m2\repository\org\springframework\boot\spring-boot-starter-web\3.2.5\spring-boot-starter-web-3.2.5.jar;C:\Users\user\.m2\repository\org\springframework\boot\spring-boot-starter\3.2.5\spring-boot-starter-3.2.5.jar;C:\Users\user\.m2\repository\org\springframework\boot\spring-boot\3.2.5\spring-boot-3.2.5.jar;C:\Users\user\.m2\repository\org\springframework\boot\spring-boot-autoconfigure\3.2.5\spring-boot-autoconfigure-3.2.5.jar;C:\Users\user\.m2\repository\org\springframework\boot\spring-boot-starter-logging\3.2.5\spring-boot-starter-logging-3.2.5.jar;C:\Users\user\.m2\repository\ch\qos\logback\logback-classic\1.4.14\logback-classic-1.4.14.jar;C:\Users\user\.m2\repository\ch\qos\logback\logback-core\1.4.14\logback-core-1.4.14.jar;C:\Users\user\.m2\repository\org\apache\logging\log4j\log4j-to-slf4j\2.21.1\log4j-to-slf4j-2.21.1.jar;C:\Users\user\.m2\repository\org\apache\logging\log4j\log4j-api\2.21.1\log4j-api-2.21.1.jar;C:\Users\user\.m2\repository\org\slf4j\jul-to-slf4j\2.0.13\jul-to-slf4j-2.0.13.jar;C:\Users\user\.m2\repository\org\yaml\snakeyaml\2.2\snakeyaml-2.2.jar;C:\Users\user\.m2\repository\org\springframework\boot\spring-boot-starter-json\3.2.5\spring-boot-starter-json-3.2.5.jar;C:\Users\user\.m2\repository\com\fasterxml\jackson\datatype\jackson-datatype-jdk8\2.15.4\jackson-datatype-jdk8-2.15.4.jar;C:\Users\user\.m2\repository\com\fasterxml\jackson\datatype\jackson-datatype-jsr310\2.15.4\jackson-datatype-jsr310-2.15.4.jar;C:\Users\user\.m2\repository\com\fasterxml\jackson\module\jackson-module-parameter-names\2.15.4\jackson-module-parameter-names-2.15.4.jar;C:\Users\user\.m2\repository\org\springframework\boot\spring-boot-starter-tomcat\3.2.5\spring-boot-starter-tomcat-3.2.5.jar;C:\Users\user\.m2\repository\org\apache\tomcat\embed\tomcat-embed-core\10.1.20\tomcat-embed-core-10.1.20.jar;C:\Users\user\.m2\repository\org\apache\tomcat\embed\tomcat-embed-el\10.1.20\tomcat-embed-el-10.1.20.jar;C:\Users\user\.m2\repository\org\apache\tomcat\embed\tomcat-embed-websocket\10.1.20\tomcat-embed-websocket-10.1.20.jar;C:\Users\user\.m2\repository\org\springframework\spring-web\6.1.6\spring-web-6.1.6.jar;C:\Users\user\.m2\repository\io\micrometer\micrometer-observation\1.12.5\micrometer-observation-1.12.5.jar;C:\Users\user\.m2\repository\io\micrometer\micrometer-commons\1.12.5\micrometer-commons-1.12.5.jar;C:\Users\user\.m2\repository\org\springframework\spring-webmvc\6.1.6\spring-webmvc-6.1.6.jar;C:\Users\user\.m2\repository\org\springframework\spring-expression\6.1.6\spring-expression-6.1.6.jar;C:\Users\user\.m2\repository\org\springframework\boot\spring-boot-starter-security\3.2.5\spring-boot-starter-security-3.2.5.jar;C:\Users\user\.m2\repository\org\springframework\spring-aop\6.1.6\spring-aop-6.1.6.jar;C:\Users\user\.m2\repository\org\springframework\security\spring-security-config\6.2.4\spring-security-config-6.2.4.jar;C:\Users\user\.m2\repository\org\springframework\security\spring-security-web\6.2.4\spring-security-web-6.2.4.jar;C:\Users\user\.m2\repository\org\springframework\boot\spring-boot-starter-thymeleaf\3.2.5\spring-boot-starter-thymeleaf-3.2.5.jar;C:\Users\user\.m2\repository\org\thymeleaf\thymeleaf-spring6\3.1.2.RELEASE\thymeleaf-spring6-3.1.2.RELEASE.jar;C:\Users\user\.m2\repository\org\thymeleaf\thymeleaf\3.1.2.RELEASE\thymeleaf-3.1.2.RELEASE.jar;C:\Users\user\.m2\repository\org\attoparser\attoparser\2.0.7.RELEASE\attoparser-2.0.7.RELEASE.jar;C:\Users\user\.m2\repository\org\unbescape\unbescape\1.1.6.RELEASE\unbescape-1.1.6.RELEASE.jar;C:\Users\user\.m2\repository\com\auth0\auth0\1.38.0\auth0-1.38.0.jar;C:\Users\user\.m2\repository\com\squareup\okhttp3\okhttp\4.12.0\okhttp-4.12.0.jar;C:\Users\user\.m2\repository\com\squareup\okio\okio\3.6.0\okio-3.6.0.jar;C:\Users\user\.m2\repository\com\squareup\okio\okio-jvm\3.6.0\okio-jvm-3.6.0.jar;C:\Users\user\.m2\repository\org\jetbrains\kotlin\kotlin-stdlib-common\1.9.23\kotlin-stdlib-common-1.9.23.jar;C:\Users\user\.m2\repository\org\jetbrains\kotlin\kotlin-stdlib-jdk8\1.9.23\kotlin-stdlib-jdk8-1.9.23.jar;C:\Users\user\.m2\repository\org\jetbrains\kotlin\kotlin-stdlib\1.9.23\kotlin-stdlib-1.9.23.jar;C:\Users\user\.m2\repository\org\jetbrains\annotations\13.0\annotations-13.0.jar;C:\Users\user\.m2\repository\org\jetbrains\kotlin\kotlin-stdlib-jdk7\1.9.23\kotlin-stdlib-jdk7-1.9.23.jar;C:\Users\user\.m2\repository\com\squareup\okhttp3\logging-interceptor\4.12.0\logging-interceptor-4.12.0.jar;C:\Users\user\.m2\repository\com\fasterxml\jackson\core\jackson-databind\2.15.4\jackson-databind-2.15.4.jar;C:\Users\user\.m2\repository\com\fasterxml\jackson\core\jackson-annotations\2.15.4\jackson-annotations-2.15.4.jar;C:\Users\user\.m2\repository\com\fasterxml\jackson\core\jackson-core\2.15.4\jackson-core-2.15.4.jar;C:\Users\user\.m2\repository\com\auth0\java-jwt\3.18.3\java-jwt-3.18.3.jar;C:\Users\user\.m2\repository\net\jodah\failsafe\2.4.1\failsafe-2.4.1.jar;C:\Users\user\.m2\repository\org\projectlombok\lombok\1.18.30\lombok-1.18.30.jar;C:\Users\user\.m2\repository\org\postgresql\postgresql\42.6.2\postgresql-42.6.2.jar;C:\Users\user\.m2\repository\org\checkerframework\checker-qual\3.31.0\checker-qual-3.31.0.jar;C:\Users\user\.m2\repository\org\springframework\boot\spring-boot-starter-oauth2-resource-server\3.2.5\spring-boot-starter-oauth2-resource-server-3.2.5.jar;C:\Users\user\.m2\repository\org\springframework\security\spring-security-core\6.2.4\spring-security-core-6.2.4.jar;C:\Users\user\.m2\repository\org\springframework\security\spring-security-crypto\6.2.4\spring-security-crypto-6.2.4.jar;C:\Users\user\.m2\repository\org\springframework\security\spring-security-oauth2-resource-server\6.2.4\spring-security-oauth2-resource-server-6.2.4.jar;C:\Users\user\.m2\repository\org\springframework\security\spring-security-oauth2-core\6.2.4\spring-security-oauth2-core-6.2.4.jar;C:\Users\user\.m2\repository\org\springframework\security\spring-security-oauth2-jose\6.2.4\spring-security-oauth2-jose-6.2.4.jar;C:\Users\user\.m2\repository\com\nimbusds\nimbus-jose-jwt\9.24.4\nimbus-jose-jwt-9.24.4.jar;C:\Users\user\.m2\repository\com\github\stephenc\jcip\jcip-annotations\1.0-1\jcip-annotations-1.0-1.jar;C:\Users\user\.m2\repository\org\springframework\boot\spring-boot-starter-oauth2-client\3.2.5\spring-boot-starter-oauth2-client-3.2.5.jar;C:\Users\user\.m2\repository\org\springframework\security\spring-security-oauth2-client\6.2.4\spring-security-oauth2-client-6.2.4.jar;C:\Users\user\.m2\repository\com\nimbusds\oauth2-oidc-sdk\9.43.3\oauth2-oidc-sdk-9.43.3.jar;C:\Users\user\.m2\repository\com\nimbusds\content-type\2.2\content-type-2.2.jar;C:\Users\user\.m2\repository\com\nimbusds\lang-tag\1.7\lang-tag-1.7.jar;C:\Users\user\.m2\repository\org\springframework\boot\spring-boot-starter-test\3.2.5\spring-boot-starter-test-3.2.5.jar;C:\Users\user\.m2\repository\org\springframework\boot\spring-boot-test\3.2.5\spring-boot-test-3.2.5.jar;C:\Users\user\.m2\repository\org\springframework\boot\spring-boot-test-autoconfigure\3.2.5\spring-boot-test-autoconfigure-3.2.5.jar;C:\Users\user\.m2\repository\com\jayway\jsonpath\json-path\2.9.0\json-path-2.9.0.jar;C:\Users\user\.m2\repository\jakarta\xml\bind\jakarta.xml.bind-api\4.0.2\jakarta.xml.bind-api-4.0.2.jar;C:\Users\user\.m2\repository\jakarta\activation\jakarta.activation-api\2.1.3\jakarta.activation-api-2.1.3.jar;C:\Users\user\.m2\repository\net\minidev\json-smart\2.5.1\json-smart-2.5.1.jar;C:\Users\user\.m2\repository\net\minidev\accessors-smart\2.5.1\accessors-smart-2.5.1.jar;C:\Users\user\.m2\repository\org\ow2\asm\asm\9.6\asm-9.6.jar;C:\Users\user\.m2\repository\org\assertj\assertj-core\3.24.2\assertj-core-3.24.2.jar;C:\Users\user\.m2\repository\org\awaitility\awaitility\4.2.1\awaitility-4.2.1.jar;C:\Users\user\.m2\repository\org\hamcrest\hamcrest\2.2\hamcrest-2.2.jar;C:\Users\user\.m2\repository\org\junit\jupiter\junit-jupiter\5.10.2\junit-jupiter-5.10.2.jar;C:\Users\user\.m2\repository\org\junit\jupiter\junit-jupiter-api\5.10.2\junit-jupiter-api-5.10.2.jar;C:\Users\user\.m2\repository\org\opentest4j\opentest4j\1.3.0\opentest4j-1.3.0.jar;C:\Users\user\.m2\repository\org\junit\platform\junit-platform-commons\1.10.2\junit-platform-commons-1.10.2.jar;C:\Users\user\.m2\repository\org\apiguardian\apiguardian-api\1.1.2\apiguardian-api-1.1.2.jar;C:\Users\user\.m2\repository\org\junit\jupiter\junit-jupiter-params\5.10.2\junit-jupiter-params-5.10.2.jar;C:\Users\user\.m2\repository\org\junit\jupiter\junit-jupiter-engine\5.10.2\junit-jupiter-engine-5.10.2.jar;C:\Users\user\.m2\repository\org\junit\platform\junit-platform-engine\1.10.2\junit-platform-engine-1.10.2.jar;C:\Users\user\.m2\repository\org\mockito\mockito-junit-jupiter\5.7.0\mockito-junit-jupiter-5.7.0.jar;C:\Users\user\.m2\repository\org\skyscreamer\jsonassert\1.5.1\jsonassert-1.5.1.jar;C:\Users\user\.m2\repository\com\vaadin\external\google\android-json\0.0.20131108.vaadin1\android-json-0.0.20131108.vaadin1.jar;C:\Users\user\.m2\repository\org\springframework\spring-core\6.1.6\spring-core-6.1.6.jar;C:\Users\user\.m2\repository\org\springframework\spring-jcl\6.1.6\spring-jcl-6.1.6.jar;C:\Users\user\.m2\repository\org\springframework\spring-test\6.1.6\spring-test-6.1.6.jar;C:\Users\user\.m2\repository\org\xmlunit\xmlunit-core\2.9.1\xmlunit-core-2.9.1.jar;C:\Users\user\.m2\repository\javax\servlet\javax.servlet-api\4.0.1\javax.servlet-api-4.0.1.jar;C:\Users\user\.m2\repository\org\springframework\security\spring-security-test\6.2.4\spring-security-test-6.2.4.jar;C:\Users\user\.m2\repository\org\hibernate\validator\hibernate-validator\8.0.0.Final\hibernate-validator-8.0.0.Final.jar;C:\Users\user\.m2\repository\jakarta\validation\jakarta.validation-api\3.0.2\jakarta.validation-api-3.0.2.jar;C:\Users\user\.m2\repository\org\jboss\logging\jboss-logging\3.5.3.Final\jboss-logging-3.5.3.Final.jar;C:\Users\user\.m2\repository\com\fasterxml\classmate\1.6.0\classmate-1.6.0.jar;C:\Users\user\.m2\repository\com\h2database\h2\2.1.214\h2-2.1.214.jar;C:\Users\user\.m2\repository\org\mockito\mockito-core\5.7.0\mockito-core-5.7.0.jar;C:\Users\user\.m2\repository\net\bytebuddy\byte-buddy\1.14.13\byte-buddy-1.14.13.jar;C:\Users\user\.m2\repository\net\bytebuddy\byte-buddy-agent\1.14.13\byte-buddy-agent-1.14.13.jar;C:\Users\user\.m2\repository\org\objenesis\objenesis\3.3\objenesis-3.3.jar;, sun.cpu.endian=little, hibernate.cdi.extensions=true, user.home=C:\Users\user, user.language=en, java.specification.vendor=Oracle Corporation, java.version.date=2024-07-16, java.home=C:\Program Files\Java\jdk-21.0.4, file.separator=\, basedir=C:\Naga\HCL\HCL-FullStack-Gov_Task\medical-register-app-2, java.vm.compressedOopsMode=32-bit, line.separator=
[...]
2025-05-02 12:15:02 [main] DEBUG org.hibernate.orm.results - Initializer list:
	  com.example.model.MedicalRecord -> EntityResultInitializer(com.example.model.MedicalRecord)@19252291 (SingleTableEntityPersister(com.example.model.MedicalRecord))

2025-05-02 12:15:02 [main] DEBUG org.hibernate.SQL - select mr1_0.id,mr1_0.age,mr1_0.medical_history,mr1_0.name from medical_record mr1_0 where mr1_0.id=?
Hibernate: select mr1_0.id,mr1_0.age,mr1_0.medical_history,mr1_0.name from medical_record mr1_0 where mr1_0.id=?
2025-05-02 12:15:02 [main] DEBUG o.h.orm.results.loading.entity - (EntityResultInitializer) Hydrated EntityKey (com.example.model.MedicalRecord): 4
2025-05-02 12:15:02 [main] DEBUG o.h.orm.results.loading.entity - (EntityResultInitializer) Created new entity instance [com.example.model.MedicalRecord#4] : 1992420835
2025-05-02 12:15:02 [main] DEBUG org.hibernate.orm.results - Extracted JDBC value [1] - [30]
2025-05-02 12:15:02 [main] DEBUG org.hibernate.orm.results - Extracted JDBC value [2] - [None]
2025-05-02 12:15:02 [main] DEBUG org.hibernate.orm.results - Extracted JDBC value [3] - [John Doe]
2025-05-02 12:15:02 [main] DEBUG o.h.orm.results.loading.entity - (EntityResultInitializer) Done materializing entityInstance : com.example.model.MedicalRecord#4
2025-05-02 12:15:02 [main] DEBUG org.hibernate.orm.results.loading - Calling top-level assembler (0 / 1) : org.hibernate.sql.results.graph.entity.internal.EntityAssembler@59e938a4
2025-05-02 12:15:02 [main] DEBUG o.h.j.i.PersistenceUnitUtilImpl - jakarta.persistence.PersistenceUnitUtil.getIdentifier is only intended to work with enhanced entities (although Hibernate also adapts this support to its proxies); however the passed entity was not enhanced (nor a proxy).. may not be able to read identifier
2025-05-02 12:15:02 [main] DEBUG o.h.j.i.PersistenceUnitUtilImpl - jakarta.persistence.PersistenceUnitUtil.getIdentifier is only intended to work with enhanced entities (although Hibernate also adapts this support to its proxies); however the passed entity was not enhanced (nor a proxy).. may not be able to read identifier
2025-05-02 12:15:02 [main] DEBUG o.h.e.t.internal.TransactionImpl - committing
2025-05-02 12:15:02 [main] DEBUG o.h.e.i.AbstractFlushingEventListener - Processing flush-time cascades
2025-05-02 12:15:02 [main] DEBUG o.h.e.i.AbstractFlushingEventListener - Dirty checking collections
2025-05-02 12:15:02 [main] DEBUG o.h.e.i.AbstractFlushingEventListener - Flushed: 0 insertions, 0 updates, 1 deletions to 2 objects
2025-05-02 12:15:02 [main] DEBUG o.h.e.i.AbstractFlushingEventListener - Flushed: 0 (re)creations, 0 updates, 0 removals to 0 collections
2025-05-02 12:15:02 [main] DEBUG o.h.internal.util.EntityPrinter - Listing entities:
2025-05-02 12:15:02 [main] DEBUG o.h.internal.util.EntityPrinter - com.example.model.AuditLog{action=DELETE, details=Deleted record id=4, id=4, timestamp=2025-05-02T12:15:02.234421400, username=testuser}
2025-05-02 12:15:02 [main] DEBUG o.h.internal.util.EntityPrinter - com.example.model.MedicalRecord{name=John Doe, id=4, medicalHistory=None, age=30}
2025-05-02 12:15:02 [main] DEBUG org.hibernate.SQL - delete from medical_record where id=?
Hibernate: delete from medical_record where id=?
2025-05-02 12:15:02 [main] DEBUG o.s.w.s.m.m.a.RequestResponseBodyMethodProcessor - Using 'application/json', given [*/*] and supported [application/json, application/*+json]
2025-05-02 12:15:02 [main] DEBUG o.s.w.s.m.m.a.RequestResponseBodyMethodProcessor - Nothing to write: null body
2025-05-02 12:15:02 [main] DEBUG o.h.e.t.internal.TransactionImpl - On TransactionImpl creation, JpaCompliance#isJpaTransactionComplianceEnabled == false
2025-05-02 12:15:02 [main] DEBUG o.h.e.t.internal.TransactionImpl - begin
2025-05-02 12:15:02 [main] DEBUG org.hibernate.orm.sql.ast.create - Created new SQL alias : mr1_0
2025-05-02 12:15:02 [main] DEBUG org.hibernate.orm.sql.ast.create - Registration of TableGroup [StandardTableGroup(com.example.model.MedicalRecord(99441912328700))] with identifierForTableGroup [com.example.model.MedicalRecord] for NavigablePath [com.example.model.MedicalRecord] 
2025-05-02 12:15:02 [main] DEBUG org.hibernate.orm.results.graph.AST - DomainResult Graph:
 \-EntityResultImpl [com.example.model.MedicalRecord(99441912328700)]
 |  +-BasicFetch [com.example.model.MedicalRecord(99441912328700).age]
 |  +-BasicFetch [com.example.model.MedicalRecord(99441912328700).medicalHistory]
 |  \-BasicFetch [com.example.model.MedicalRecord(99441912328700).name]

2025-05-02 12:15:02 [main] DEBUG org.hibernate.orm.sql.ast.tree - SQL AST Tree:
    SelectStatement {
      FromClause {
        StandardTableGroup (mr1 : com.example.model.MedicalRecord(99441912328700)) {
          primaryTableReference : medical_record as mr1_0
        }
      }
    }

2025-05-02 12:15:02 [main] DEBUG org.hibernate.orm.sql.exec - Skipping reading Query result cache data: cache-enabled = false, cache-mode = NORMAL
2025-05-02 12:15:02 [main] DEBUG org.hibernate.orm.results - Initializer list:
	  com.example.model.MedicalRecord(99441912328700) -> EntityResultInitializer(com.example.model.MedicalRecord(99441912328700))@1876351111 (SingleTableEntityPersister(com.example.model.MedicalRecord))

2025-05-02 12:15:02 [main] DEBUG org.hibernate.SQL - select mr1_0.id,mr1_0.age,mr1_0.medical_history,mr1_0.name from medical_record mr1_0
Hibernate: select mr1_0.id,mr1_0.age,mr1_0.medical_history,mr1_0.name from medical_record mr1_0
2025-05-02 12:15:02 [main] DEBUG o.h.e.t.internal.TransactionImpl - committing
]]></system-out>
  </testcase>
  <testcase name="testAddRecord" classname="com.example.controller.MedicalRecordControllerIntegrationTest" time="0.034">
    <system-out><![CDATA[2025-05-02 12:15:02 [main] DEBUG o.h.e.t.internal.TransactionImpl - On TransactionImpl creation, JpaCompliance#isJpaTransactionComplianceEnabled == false
2025-05-02 12:15:02 [main] DEBUG o.h.e.t.internal.TransactionImpl - begin
2025-05-02 12:15:02 [main] DEBUG org.hibernate.orm.sql.ast.create - Created new SQL alias : mr1_0
2025-05-02 12:15:02 [main] DEBUG org.hibernate.orm.sql.ast.create - Registration of TableGroup [StandardTableGroup(com.example.model.MedicalRecord(99441925270000))] with identifierForTableGroup [com.example.model.MedicalRecord] for NavigablePath [com.example.model.MedicalRecord] 
2025-05-02 12:15:02 [main] DEBUG org.hibernate.orm.results.graph.AST - DomainResult Graph:
 \-EntityResultImpl [com.example.model.MedicalRecord(99441925270000)]
 |  +-BasicFetch [com.example.model.MedicalRecord(99441925270000).age]
 |  +-BasicFetch [com.example.model.MedicalRecord(99441925270000).medicalHistory]
 |  \-BasicFetch [com.example.model.MedicalRecord(99441925270000).name]

2025-05-02 12:15:02 [main] DEBUG org.hibernate.orm.sql.ast.tree - SQL AST Tree:
    SelectStatement {
      FromClause {
        StandardTableGroup (mr1 : com.example.model.MedicalRecord(99441925270000)) {
          primaryTableReference : medical_record as mr1_0
        }
      }
    }

2025-05-02 12:15:02 [main] DEBUG org.hibernate.orm.sql.exec - Skipping reading Query result cache data: cache-enabled = false, cache-mode = NORMAL
2025-05-02 12:15:02 [main] DEBUG org.hibernate.orm.results - Initializer list:
	  com.example.model.MedicalRecord(99441925270000) -> EntityResultInitializer(com.example.model.MedicalRecord(99441925270000))@1261956576 (SingleTableEntityPersister(com.example.model.MedicalRecord))

2025-05-02 12:15:02 [main] DEBUG org.hibernate.SQL - select mr1_0.id,mr1_0.age,mr1_0.medical_history,mr1_0.name from medical_record mr1_0
Hibernate: select mr1_0.id,mr1_0.age,mr1_0.medical_history,mr1_0.name from medical_record mr1_0
2025-05-02 12:15:02 [main] DEBUG o.h.e.t.internal.TransactionImpl - committing
2025-05-02 12:15:02 [main] DEBUG o.h.e.t.internal.TransactionImpl - On TransactionImpl creation, JpaCompliance#isJpaTransactionComplianceEnabled == false
2025-05-02 12:15:02 [main] DEBUG o.h.e.t.internal.TransactionImpl - begin
2025-05-02 12:15:02 [main] DEBUG o.h.j.i.PersistenceUnitUtilImpl - jakarta.persistence.PersistenceUnitUtil.getIdentifier is only intended to work with enhanced entities (although Hibernate also adapts this support to its proxies); however the passed entity was not enhanced (nor a proxy).. may not be able to read identifier
2025-05-02 12:15:02 [main] DEBUG o.hibernate.engine.spi.ActionQueue - Executing identity-insert immediately
2025-05-02 12:15:02 [main] DEBUG org.hibernate.SQL - insert into medical_record (age,medical_history,name,id) values (?,?,?,default)
Hibernate: insert into medical_record (age,medical_history,name,id) values (?,?,?,default)
2025-05-02 12:15:02 [main] DEBUG o.h.id.IdentifierGeneratorHelper - Natively generated identity (com.example.model.MedicalRecord) : 5
2025-05-02 12:15:02 [main] DEBUG o.h.e.t.internal.TransactionImpl - committing
2025-05-02 12:15:02 [main] DEBUG o.h.e.i.AbstractFlushingEventListener - Processing flush-time cascades
2025-05-02 12:15:02 [main] DEBUG o.h.e.i.AbstractFlushingEventListener - Dirty checking collections
2025-05-02 12:15:02 [main] DEBUG o.h.e.i.AbstractFlushingEventListener - Flushed: 0 insertions, 0 updates, 0 deletions to 1 objects
2025-05-02 12:15:02 [main] DEBUG o.h.e.i.AbstractFlushingEventListener - Flushed: 0 (re)creations, 0 updates, 0 removals to 0 collections
2025-05-02 12:15:02 [main] DEBUG o.h.internal.util.EntityPrinter - Listing entities:
2025-05-02 12:15:02 [main] DEBUG o.h.internal.util.EntityPrinter - com.example.model.MedicalRecord{name=John Doe, id=5, medicalHistory=None, age=30}
2025-05-02 12:15:02 [main] DEBUG o.s.s.w.c.HttpSessionSecurityContextRepository - Created HttpSession as SecurityContext is non-default
2025-05-02 12:15:02 [main] DEBUG o.s.s.w.c.HttpSessionSecurityContextRepository - Stored SecurityContextImpl [Authentication=UsernamePasswordAuthenticationToken [Principal=org.springframework.security.core.userdetails.User [Username=testuser, Password=[PROTECTED], Enabled=true, AccountNonExpired=true, CredentialsNonExpired=true, AccountNonLocked=true, Granted Authorities=[ROLE_USER]], Credentials=[PROTECTED], Authenticated=true, Details=null, Granted Authorities=[ROLE_USER]]] to HttpSession [org.springframework.mock.web.MockHttpSession@5c71329f]
2025-05-02 12:15:02 [main] DEBUG o.s.security.web.FilterChainProxy - Securing POST /api/medical-records
2025-05-02 12:15:02 [main] DEBUG o.s.s.w.c.HttpSessionSecurityContextRepository - Retrieved SecurityContextImpl [Authentication=UsernamePasswordAuthenticationToken [Principal=org.springframework.security.core.userdetails.User [Username=testuser, Password=[PROTECTED], Enabled=true, AccountNonExpired=true, CredentialsNonExpired=true, AccountNonLocked=true, Granted Authorities=[ROLE_USER]], Credentials=[PROTECTED], Authenticated=true, Details=null, Granted Authorities=[ROLE_USER]]]
2025-05-02 12:15:02 [main] DEBUG o.s.security.web.FilterChainProxy - Secured POST /api/medical-records
2025-05-02 12:15:02 [main] DEBUG o.s.w.s.m.m.a.RequestMappingHandlerMapping - Mapped to com.example.controller.MedicalRecordController#addRecord(MedicalRecord)
2025-05-02 12:15:02 [main] DEBUG o.s.w.s.m.m.a.RequestResponseBodyMethodProcessor - Read "application/json;charset=UTF-8" to [com.example.model.MedicalRecord@6859080d]
2025-05-02 12:15:02 [main] INFO  c.e.c.MedicalRecordController - User 'testuser' is adding a new medical record: com.example.model.MedicalRecord@6859080d
2025-05-02 12:15:02 [main] DEBUG c.e.service.MedicalRecordService - Adding new medical record: com.example.model.MedicalRecord@6859080d
2025-05-02 12:15:02 [main] DEBUG o.h.e.t.internal.TransactionImpl - On TransactionImpl creation, JpaCompliance#isJpaTransactionComplianceEnabled == false
2025-05-02 12:15:02 [main] DEBUG o.h.e.t.internal.TransactionImpl - begin
2025-05-02 12:15:02 [main] DEBUG o.h.j.i.PersistenceUnitUtilImpl - jakarta.persistence.PersistenceUnitUtil.getIdentifier is only intended to work with enhanced entities (although Hibernate also adapts this support to its proxies); however the passed entity was not enhanced (nor a proxy).. may not be able to read identifier
2025-05-02 12:15:02 [main] DEBUG o.hibernate.engine.spi.ActionQueue - Executing identity-insert immediately
2025-05-02 12:15:02 [main] DEBUG org.hibernate.SQL - insert into audit_log (action,details,timestamp,username,id) values (?,?,?,?,default)
Hibernate: insert into audit_log (action,details,timestamp,username,id) values (?,?,?,?,default)
2025-05-02 12:15:02 [main] DEBUG o.h.id.IdentifierGeneratorHelper - Natively generated identity (com.example.model.AuditLog) : 5
2025-05-02 12:15:02 [main] DEBUG o.h.e.t.internal.TransactionImpl - committing
2025-05-02 12:15:02 [main] DEBUG o.h.e.i.AbstractFlushingEventListener - Processing flush-time cascades
2025-05-02 12:15:02 [main] DEBUG o.h.e.i.AbstractFlushingEventListener - Dirty checking collections
2025-05-02 12:15:02 [main] DEBUG o.h.e.i.AbstractFlushingEventListener - Flushed: 0 insertions, 0 updates, 0 deletions to 1 objects
2025-05-02 12:15:02 [main] DEBUG o.h.e.i.AbstractFlushingEventListener - Flushed: 0 (re)creations, 0 updates, 0 removals to 0 collections
2025-05-02 12:15:02 [main] DEBUG o.h.internal.util.EntityPrinter - Listing entities:
2025-05-02 12:15:02 [main] DEBUG o.h.internal.util.EntityPrinter - com.example.model.AuditLog{action=ADD, details=Added record: com.example.model.MedicalRecord@6859080d, id=5, timestamp=2025-05-02T12:15:02.272421, username=testuser}
2025-05-02 12:15:02 [main] DEBUG o.h.e.t.internal.TransactionImpl - begin
2025-05-02 12:15:02 [main] DEBUG o.h.j.i.PersistenceUnitUtilImpl - jakarta.persistence.PersistenceUnitUtil.getIdentifier is only intended to work with enhanced entities (although Hibernate also adapts this support to its proxies); however the passed entity was not enhanced (nor a proxy).. may not be able to read identifier
2025-05-02 12:15:02 [main] DEBUG o.hibernate.engine.spi.ActionQueue - Executing identity-insert immediately
2025-05-02 12:15:02 [main] DEBUG org.hibernate.SQL - insert into medical_record (age,medical_history,name,id) values (?,?,?,default)
Hibernate: insert into medical_record (age,medical_history,name,id) values (?,?,?,default)
2025-05-02 12:15:02 [main] DEBUG o.h.id.IdentifierGeneratorHelper - Natively generated identity (com.example.model.MedicalRecord) : 6
2025-05-02 12:15:02 [main] DEBUG o.h.e.t.internal.TransactionImpl - committing
2025-05-02 12:15:02 [main] DEBUG o.h.e.i.AbstractFlushingEventListener - Processing flush-time cascades
2025-05-02 12:15:02 [main] DEBUG o.h.e.i.AbstractFlushingEventListener - Dirty checking collections
2025-05-02 12:15:02 [main] DEBUG o.h.e.i.AbstractFlushingEventListener - Flushed: 0 insertions, 0 updates, 0 deletions to 2 objects
2025-05-02 12:15:02 [main] DEBUG o.h.e.i.AbstractFlushingEventListener - Flushed: 0 (re)creations, 0 updates, 0 removals to 0 collections
2025-05-02 12:15:02 [main] DEBUG o.h.internal.util.EntityPrinter - Listing entities:
2025-05-02 12:15:02 [main] DEBUG o.h.internal.util.EntityPrinter - com.example.model.AuditLog{action=ADD, details=Added record: com.example.model.MedicalRecord@6859080d, id=5, timestamp=2025-05-02T12:15:02.272421, username=testuser}
2025-05-02 12:15:02 [main] DEBUG o.h.internal.util.EntityPrinter - com.example.model.MedicalRecord{name=Jane Smith, id=6, medicalHistory=Asthma, age=25}
2025-05-02 12:15:02 [main] DEBUG o.s.w.s.m.m.a.RequestResponseBodyMethodProcessor - Using 'application/json', given [*/*] and supported [application/json, application/*+json]
2025-05-02 12:15:02 [main] DEBUG o.s.w.s.m.m.a.RequestResponseBodyMethodProcessor - Writing [com.example.model.MedicalRecord@6859080d]
2025-05-02 12:15:02 [main] DEBUG c.j.j.internal.path.CompiledPath - Evaluating path: $['name']
2025-05-02 12:15:02 [main] DEBUG o.h.e.t.internal.TransactionImpl - On TransactionImpl creation, JpaCompliance#isJpaTransactionComplianceEnabled == false
2025-05-02 12:15:02 [main] DEBUG o.h.e.t.internal.TransactionImpl - begin
2025-05-02 12:15:02 [main] DEBUG org.hibernate.orm.sql.ast.create - Created new SQL alias : mr1_0
2025-05-02 12:15:02 [main] DEBUG org.hibernate.orm.sql.ast.create - Registration of TableGroup [StandardTableGroup(com.example.model.MedicalRecord(99441945559900))] with identifierForTableGroup [com.example.model.MedicalRecord] for NavigablePath [com.example.model.MedicalRecord] 
2025-05-02 12:15:02 [main] DEBUG org.hibernate.orm.results.graph.AST - DomainResult Graph:
 \-EntityResultImpl [com.example.model.MedicalRecord(99441945559900)]
 |  +-BasicFetch [com.example.model.MedicalRecord(99441945559900).age]
 |  +-BasicFetch [com.example.model.MedicalRecord(99441945559900).medicalHistory]
 |  \-BasicFetch [com.example.model.MedicalRecord(99441945559900).name]

2025-05-02 12:15:02 [main] DEBUG org.hibernate.orm.sql.ast.tree - SQL AST Tree:
    SelectStatement {
      FromClause {
        StandardTableGroup (mr1 : com.example.model.MedicalRecord(99441945559900)) {
          primaryTableReference : medical_record as mr1_0
        }
      }
    }

2025-05-02 12:15:02 [main] DEBUG org.hibernate.orm.sql.exec - Skipping reading Query result cache data: cache-enabled = false, cache-mode = NORMAL
2025-05-02 12:15:02 [main] DEBUG org.hibernate.orm.results - Initializer list:
	  com.example.model.MedicalRecord(99441945559900) -> EntityResultInitializer(com.example.model.MedicalRecord(99441945559900))@671232041 (SingleTableEntityPersister(com.example.model.MedicalRecord))

2025-05-02 12:15:02 [main] DEBUG org.hibernate.SQL - select mr1_0.id,mr1_0.age,mr1_0.medical_history,mr1_0.name from medical_record mr1_0
Hibernate: select mr1_0.id,mr1_0.age,mr1_0.medical_history,mr1_0.name from medical_record mr1_0
2025-05-02 12:15:02 [main] DEBUG org.hibernate.orm.results - Extracted JDBC value [0] - [5]
2025-05-02 12:15:02 [main] DEBUG o.h.orm.results.loading.entity - (EntityResultInitializer) Hydrated EntityKey (com.example.model.MedicalRecord(99441945559900)): 5
2025-05-02 12:15:02 [main] DEBUG o.h.orm.results.loading.entity - (EntityResultInitializer) Created new entity instance [com.example.model.MedicalRecord(99441945559900)#5] : 1680976673
2025-05-02 12:15:02 [main] DEBUG org.hibernate.orm.results - Extracted JDBC value [1] - [30]
2025-05-02 12:15:02 [main] DEBUG org.hibernate.orm.results - Extracted JDBC value [2] - [None]
2025-05-02 12:15:02 [main] DEBUG org.hibernate.orm.results - Extracted JDBC value [3] - [John Doe]
2025-05-02 12:15:02 [main] DEBUG o.h.orm.results.loading.entity - (EntityResultInitializer) Done materializing entityInstance : com.example.model.MedicalRecord(99441945559900)#5
2025-05-02 12:15:02 [main] DEBUG org.hibernate.orm.results.loading - Calling top-level assembler (0 / 1) : org.hibernate.sql.results.graph.entity.internal.EntityAssembler@5d8b5cf6
2025-05-02 12:15:02 [main] DEBUG org.hibernate.orm.results - Extracted JDBC value [0] - [6]
2025-05-02 12:15:02 [main] DEBUG o.h.orm.results.loading.entity - (EntityResultInitializer) Hydrated EntityKey (com.example.model.MedicalRecord(99441945559900)): 6
2025-05-02 12:15:02 [main] DEBUG o.h.orm.results.loading.entity - (EntityResultInitializer) Created new entity instance [com.example.model.MedicalRecord(99441945559900)#6] : 1212355494
2025-05-02 12:15:02 [main] DEBUG org.hibernate.orm.results - Extracted JDBC value [1] - [25]
2025-05-02 12:15:02 [main] DEBUG org.hibernate.orm.results - Extracted JDBC value [2] - [Asthma]
2025-05-02 12:15:02 [main] DEBUG org.hibernate.orm.results - Extracted JDBC value [3] - [Jane Smith]
2025-05-02 12:15:02 [main] DEBUG o.h.orm.results.loading.entity - (EntityResultInitializer) Done materializing entityInstance : com.example.model.MedicalRecord(99441945559900)#6
2025-05-02 12:15:02 [main] DEBUG org.hibernate.orm.results.loading - Calling top-level assembler (0 / 1) : org.hibernate.sql.results.graph.entity.internal.EntityAssembler@5d8b5cf6
2025-05-02 12:15:02 [main] DEBUG o.h.e.t.internal.TransactionImpl - committing
]]></system-out>
  </testcase>
</testsuite>